04:53:42 [INFO   ] ==================================================
04:53:42 [INFO   ] 📦 上架脚本启动（合并版）
04:53:42 [INFO   ] 📄 日志: E:\桌面\GAMECL~1\上架\logs\run_20260325_045342.log
04:53:42 [INFO   ] 💰 当前目标价格: 3199111
04:53:42 [INFO   ] ✅ 分辨率校验通过: 1920×1080
04:53:42 [INFO   ] 📁 模板目录: E:\桌面\GAMECL~1\上架\logo\shangjia
04:53:42 [INFO   ]    找到 14 个 png: ['0.png', '1.png', '10.png', '2.png', '3.png', '4.png', '5.png', '6.png', '7.png', '8.png', '9.png', 'heikuang.png', 'pojiaoshi.png', 'slash.png']
04:53:42 [INFO   ]    ✅ '0' ← 0.png  (原始 10×19 → 标准 20×28)
04:53:42 [INFO   ]    ✅ '1' ← 1.png  (原始 11×19 → 标准 20×28)
04:53:42 [INFO   ]    ✅ '2' ← 2.png  (原始 12×20 → 标准 20×28)
04:53:42 [INFO   ]    ✅ '3' ← 3.png  (原始 12×20 → 标准 20×28)
04:53:42 [INFO   ]    ✅ '4' ← 4.png  (原始 13×20 → 标准 20×28)
04:53:42 [INFO   ]    ✅ '5' ← 5.png  (原始 11×20 → 标准 20×28)
04:53:42 [INFO   ]    ✅ '6' ← 6.png  (原始 12×21 → 标准 20×28)
04:53:42 [INFO   ]    ✅ '7' ← 7.png  (原始 13×20 → 标准 20×28)
04:53:42 [INFO   ]    ✅ '8' ← 8.png  (原始 11×20 → 标准 20×28)
04:53:42 [INFO   ]    ✅ '9' ← 9.png  (原始 12×21 → 标准 20×28)
04:53:42 [INFO   ]    ✅ '/' ← slash.png  (原始 12×21 → 标准 20×28)
04:53:42 [INFO   ] 
   已加载 11 个: ['/', '0', '1', '2', '3', '4', '5', '6', '7', '8', '9']
04:53:42 [INFO   ]    ✅ 0-9 和 / 全部就绪！
04:53:42 [INFO   ] 🔢 容量识别: 模板匹配

04:53:42 [INFO   ] 🔧 初始化 OCR...
04:53:42 [INFO   ] 🔧 初始化 DXCam (30 fps)...
04:53:42 [INFO   ] ✅ 截屏: 1920×1080
04:53:42 [INFO   ] 
✅ 就绪！按 F12 开始，ESC 退出

04:53:44 [INFO   ] 
==================================================
04:53:44 [INFO   ] ⏳ 2 秒后开始，请切回游戏...
04:53:46 [INFO   ] ✅ 游戏窗口句柄: 89008
04:53:46 [DEBUG  ] 交易行置信度: 1.000
04:53:46 [INFO   ] 🚀 确认在交易行，开始跳转...

04:53:46 [INFO   ] 
👉 [一级] 功能键 → 等'上架数量'  (第 1/3 次)
04:53:47 [DEBUG  ] 点击 (1850, 990)
04:53:47 [INFO   ]    ⏳ 等待 ['上架', '数量'] (超时 5.0s)...
04:53:47 [DEBUG  ] OCR: '上架数量：'
04:53:47 [INFO   ]    ✅ 识别到 '上架'  耗时 0.37s
04:53:48 [INFO   ] 
👉 [二级] 入口 → 等'角石'  (第 1/3 次)
04:53:48 [DEBUG  ] 点击 (1855, 269)
04:53:48 [INFO   ]    ⏳ 等待 ['角石'] (超时 5.0s)...
04:53:48 [DEBUG  ] OCR: '角石'
04:53:48 [INFO   ]    ✅ 识别到 '角石'  耗时 0.29s
04:53:49 [INFO   ] 
👉 [三级] 点击角石 (1730, 370)
04:53:49 [DEBUG  ] 点击 (1730, 370)
04:53:50 [INFO   ] 👉 [读取] 上架额度...
04:53:50 [DEBUG  ]   字符[0]: '1' (0.639)
04:53:50 [DEBUG  ]   字符[1]: '/' (0.829)
04:53:50 [DEBUG  ]   字符[2]: '1' (0.727)
04:53:50 [DEBUG  ]   字符[3]: '0' (0.737)
04:53:50 [INFO   ] 📐 模板识别: '1/10'  最低置信度: 0.639
04:53:50 [INFO   ] 
📊 额度: 1/10，剩余 9
04:53:50 [INFO   ] ✅ 开始上架（最多 9 个）...

04:53:50 [INFO   ] 💰 目标价格: 3199111

04:53:50 [DEBUG  ] 道具匹配置信度: 1.000
04:53:50 [INFO   ] [扫描] ✅ 找到道具 (1308, 760)
04:53:50 [DEBUG  ] 点击 (1308, 760)
04:53:50 [INFO   ]   点击道具 (1308, 760)
04:53:50 [DEBUG  ]   弹窗检测 #1: 相似度 -0.0557
04:53:50 [INFO   ]   ✅ 弹窗已出现 (相似度 -0.0557)
04:53:51 [DEBUG  ] 点击 (1219, 736)
04:53:52 [WARNING]   ❌ 价格验证失败（第1/3次）: 期望=3199111, 剪贴板原文='', 清洗后=''
04:53:53 [DEBUG  ] 点击 (1219, 736)
04:53:54 [WARNING]   ❌ 价格验证失败（第2/3次）: 期望=3199111, 剪贴板原文='', 清洗后=''
04:53:55 [DEBUG  ] 点击 (1219, 736)
04:53:56 [WARNING]   ❌ 价格验证失败（第3/3次）: 期望=3199111, 剪贴板原文='', 清洗后=''
04:53:56 [ERROR  ]   ⛔ 价格 3 次验证均失败，ESC 关闭弹窗
