06:13:28 [INFO   ] ==================================================
06:13:28 [INFO   ] 📦 上架脚本启动（合并版）
06:13:28 [INFO   ] 📄 日志: E:\桌面\GAMECL~1\上架\logs\run_20260325_061328.log
06:13:28 [INFO   ] 💰 当前目标价格: 3199111
06:13:28 [INFO   ] ✅ 分辨率校验通过: 1920×1080
06:13:28 [INFO   ] 📁 模板目录: E:\桌面\GAMECL~1\上架\logo\shangjia
06:13:28 [INFO   ]    找到 14 个 png: ['0.png', '1.png', '10.png', '2.png', '3.png', '4.png', '5.png', '6.png', '7.png', '8.png', '9.png', 'heikuang.png', 'pojiaoshi.png', 'slash.png']
06:13:28 [INFO   ]    ✅ '0' ← 0.png  (原始 10×19 → 标准 20×28)
06:13:28 [INFO   ]    ✅ '1' ← 1.png  (原始 11×19 → 标准 20×28)
06:13:28 [INFO   ]    ✅ '2' ← 2.png  (原始 12×20 → 标准 20×28)
06:13:28 [INFO   ]    ✅ '3' ← 3.png  (原始 12×20 → 标准 20×28)
06:13:28 [INFO   ]    ✅ '4' ← 4.png  (原始 13×20 → 标准 20×28)
06:13:28 [INFO   ]    ✅ '5' ← 5.png  (原始 11×20 → 标准 20×28)
06:13:28 [INFO   ]    ✅ '6' ← 6.png  (原始 12×21 → 标准 20×28)
06:13:28 [INFO   ]    ✅ '7' ← 7.png  (原始 13×20 → 标准 20×28)
06:13:28 [INFO   ]    ✅ '8' ← 8.png  (原始 11×20 → 标准 20×28)
06:13:28 [INFO   ]    ✅ '9' ← 9.png  (原始 12×21 → 标准 20×28)
06:13:28 [INFO   ]    ✅ '/' ← slash.png  (原始 12×21 → 标准 20×28)
06:13:28 [INFO   ] 
   已加载 11 个: ['/', '0', '1', '2', '3', '4', '5', '6', '7', '8', '9']
06:13:28 [INFO   ]    ✅ 0-9 和 / 全部就绪！
06:13:28 [INFO   ] 🔢 容量识别: 模板匹配

06:13:28 [INFO   ] 🔧 初始化 OCR...
06:13:28 [INFO   ] 🔧 初始化 DXCam (30 fps)...
06:13:29 [INFO   ] ✅ 截屏: 1920×1080
06:13:29 [INFO   ] 
✅ 就绪！按 F12 开始，ESC 退出

06:13:31 [INFO   ] 
==================================================
06:13:31 [INFO   ] ⏳ 2 秒后开始，请切回游戏...
06:13:33 [INFO   ] ✅ 游戏窗口句柄: 89008
06:13:33 [DEBUG  ] 交易行置信度: 1.000
06:13:33 [INFO   ] 🚀 确认在交易行，开始跳转...

06:13:33 [INFO   ] 
👉 [一级] 功能键 → 等'上架数量'  (第 1/3 次)
06:13:33 [DEBUG  ] 点击 (1850, 990)
06:13:33 [INFO   ]    ⏳ 等待 ['上架', '数量'] (超时 5.0s)...
06:13:34 [DEBUG  ] OCR: '上架数量：'
06:13:34 [INFO   ]    ✅ 识别到 '上架'  耗时 0.36s
06:13:34 [INFO   ] 
👉 [二级] 入口 → 等'角石'  (第 1/3 次)
06:13:35 [DEBUG  ] 点击 (1855, 269)
06:13:35 [INFO   ]    ⏳ 等待 ['角石'] (超时 5.0s)...
06:13:35 [DEBUG  ] OCR: '角石'
06:13:35 [INFO   ]    ✅ 识别到 '角石'  耗时 0.29s
06:13:35 [INFO   ] 
👉 [三级] 点击角石 (1730, 370)
06:13:36 [DEBUG  ] 点击 (1730, 370)
06:13:36 [INFO   ] 👉 [读取] 上架额度...
06:13:36 [DEBUG  ]   字符[0]: '0' (0.709)
06:13:36 [DEBUG  ]   字符[1]: '/' (0.825)
06:13:36 [DEBUG  ]   字符[2]: '1' (0.734)
06:13:36 [DEBUG  ]   字符[3]: '0' (0.732)
06:13:36 [INFO   ] 📐 模板识别: '0/10'  最低置信度: 0.709
06:13:36 [INFO   ] 
📊 额度: 0/10，剩余 10
06:13:36 [INFO   ] ✅ 开始上架（最多 10 个）...

06:13:36 [INFO   ] 💰 目标价格: 3199111

06:13:36 [DEBUG  ] 道具匹配置信度: 0.974
06:13:36 [INFO   ] [扫描] ✅ 找到道具 (1595, 760)
06:13:37 [DEBUG  ] 点击 (1595, 760)
06:13:37 [INFO   ]   点击道具 (1595, 760)
06:13:37 [DEBUG  ]   弹窗检测 #1: 相似度 0.1057
06:13:37 [INFO   ]   ✅ 弹窗已出现 (相似度 0.1057)
06:13:37 [DEBUG  ] 点击 (1219, 736)
06:13:39 [INFO   ]   ✅ 价格验证通过（第1次）: 3199111
06:13:39 [DEBUG  ] 点击 (1466, 800)
06:13:39 [INFO   ]   ✅ 点击确定，上架完成
06:13:40 [INFO   ]   📦 累计上架: 1/10
06:13:40 [INFO   ]   ⏳ 等待 1.5s 补位...
06:13:42 [DEBUG  ] 道具匹配置信度: 0.974
06:13:42 [INFO   ] [扫描] ✅ 找到道具 (1595, 760)
06:13:42 [DEBUG  ] 点击 (1595, 760)
06:13:42 [INFO   ]   点击道具 (1595, 760)
06:13:43 [DEBUG  ]   弹窗检测 #1: 相似度 1.0000
06:13:43 [DEBUG  ]   弹窗检测 #2: 相似度 1.0000
06:13:43 [DEBUG  ]   弹窗检测 #3: 相似度 0.0244
06:13:43 [INFO   ]   ✅ 弹窗已出现 (相似度 0.0244)
06:13:44 [DEBUG  ] 点击 (1219, 736)
06:13:45 [INFO   ]   ✅ 价格验证通过（第1次）: 3199111
06:13:46 [DEBUG  ] 点击 (1466, 800)
06:13:46 [INFO   ]   ✅ 点击确定，上架完成
06:13:46 [INFO   ]   📦 累计上架: 2/10
06:13:46 [INFO   ]   ⏳ 等待 1.5s 补位...
