02:49:25 [INFO   ] ==================================================
02:49:25 [INFO   ] 📦 脚本启动
02:49:25 [INFO   ] 📁 日志: E:\桌面\GAMECL~1\上架\logs\run_20260325_024925.log
02:49:25 [INFO   ] ✅ 分辨率校验通过: 1920×1080
02:49:25 [INFO   ] 📁 模板目录: E:\桌面\GAMECL~1\上架\logo\shangjia
02:49:25 [INFO   ]    找到 14 个 png: ['0.png', '1.png', '10.png', '2.png', '3.png', '4.png', '5.png', '6.png', '7.png', '8.png', '9.png', 'heikuang.png', 'pojiaoshi.png', 'slash.png']
02:49:25 [INFO   ]    ✅ '0' ← 0.png  (原始 10×19 → 标准 20×28)
02:49:25 [INFO   ]    ✅ '1' ← 1.png  (原始 11×19 → 标准 20×28)
02:49:25 [DEBUG  ]    跳过未识别文件: 10.png
02:49:25 [INFO   ]    ✅ '2' ← 2.png  (原始 12×20 → 标准 20×28)
02:49:25 [INFO   ]    ✅ '3' ← 3.png  (原始 12×20 → 标准 20×28)
02:49:25 [INFO   ]    ✅ '4' ← 4.png  (原始 13×20 → 标准 20×28)
02:49:25 [INFO   ]    ✅ '5' ← 5.png  (原始 11×20 → 标准 20×28)
02:49:25 [INFO   ]    ✅ '6' ← 6.png  (原始 12×21 → 标准 20×28)
02:49:25 [INFO   ]    ✅ '7' ← 7.png  (原始 13×20 → 标准 20×28)
02:49:25 [INFO   ]    ✅ '8' ← 8.png  (原始 11×20 → 标准 20×28)
02:49:25 [INFO   ]    ✅ '9' ← 9.png  (原始 12×21 → 标准 20×28)
02:49:25 [DEBUG  ]    跳过未识别文件: heikuang.png
02:49:25 [DEBUG  ]    跳过未识别文件: pojiaoshi.png
02:49:25 [INFO   ]    ✅ '/' ← slash.png  (原始 12×21 → 标准 20×28)
02:49:25 [INFO   ] 
   已加载 11 个: ['/', '0', '1', '2', '3', '4', '5', '6', '7', '8', '9']
02:49:25 [INFO   ]    ✅ 0-9 和 / 全部就绪！
02:49:25 [INFO   ] 🔢 容量识别模式: 模板匹配（高精度）

02:49:25 [INFO   ] 🔧 初始化 OCR 引擎...
02:49:26 [INFO   ] 🔧 初始化 DXCam (30 fps)...
02:49:26 [INFO   ] ✅ 截屏可用: 1920×1080
02:49:26 [INFO   ] ✅ 就绪！按 F12 开始，ESC 退出

