00:34:41 [INFO   ] ==================================================
00:34:41 [INFO   ] 📦 脚本启动
00:34:41 [INFO   ] 📁 日志: E:\桌面\GameClicker\上架\logs\run_20260325_003441.log
00:34:41 [INFO   ] ✅ 分辨率校验通过: 1920×1080
00:34:41 [WARNING] 模板目录不存在: E:\桌面\GameClicker\上架\digit_templates
00:34:41 [WARNING] 请先运行 make_digit_templates.py 制作模板
00:34:41 [WARNING] 🔢 容量识别模式: OCR（精度较低）
00:34:41 [WARNING]    建议运行 make_digit_templates.py 制作模板
00:34:41 [INFO   ] 🔧 初始化 OCR 引擎...
00:34:41 [INFO   ] 🔧 初始化 DXCam (30 fps)...
00:34:42 [INFO   ] ✅ 截屏可用: 1920×1080
00:34:42 [INFO   ] ✅ 就绪！按 F12 开始，ESC 退出

00:34:49 [INFO   ] 
==================================================
00:34:49 [INFO   ] ⏳ 2 秒后开始，请切回游戏...
00:34:52 [INFO   ] ✅ 游戏窗口句柄: 1203228
00:34:52 [DEBUG  ] 交易行置信度: 0.252
00:34:52 [ERROR  ] ⛔ 不在交易行界面，中止
00:34:52 [INFO   ] ==================================================
00:34:52 [INFO   ] 🏁 日志: E:\桌面\GameClicker\上架\logs\run_20260325_003441.log
00:34:52 [INFO   ] 👉 F12 再次执行，ESC 退出

00:37:24 [INFO   ] 
==================================================
00:37:24 [INFO   ] ⏳ 2 秒后开始，请切回游戏...
00:37:26 [INFO   ] ✅ 游戏窗口句柄: 89008
00:37:26 [DEBUG  ] 交易行置信度: 1.000
00:37:26 [INFO   ] 🚀 确认在交易行，开始跳转...

00:37:26 [INFO   ] 
👉 [一级] 功能键 → 等'上架数量'  (第 1/3 次)
00:37:26 [DEBUG  ] 点击 (1850, 990)
00:37:26 [INFO   ]    ⏳ 等待 ['上架', '数量'] (超时 5.0s)...
00:37:32 [WARNING]    ❌ 超时 (5.0s)
00:37:32 [WARNING]    ⚠️ 失败，0.8s 后重试...
00:37:32 [INFO   ] 
👉 [一级] 功能键 → 等'上架数量'  (第 2/3 次)
00:37:33 [DEBUG  ] 点击 (1850, 990)
00:37:33 [INFO   ]    ⏳ 等待 ['上架', '数量'] (超时 5.0s)...
00:37:38 [WARNING]    ❌ 超时 (5.0s)
00:37:38 [WARNING]    ⚠️ 失败，0.8s 后重试...
00:37:39 [INFO   ] 
👉 [一级] 功能键 → 等'上架数量'  (第 3/3 次)
00:37:39 [DEBUG  ] 点击 (1850, 990)
00:37:39 [INFO   ]    ⏳ 等待 ['上架', '数量'] (超时 5.0s)...
00:37:39 [DEBUG  ] OCR: '上架数量：'
00:37:39 [INFO   ]    ✅ 识别到 '上架'  耗时 0.56s
00:37:40 [INFO   ] 
👉 [二级] 入口 → 等'角石'  (第 1/3 次)
00:37:40 [DEBUG  ] 点击 (1855, 269)
00:37:40 [INFO   ]    ⏳ 等待 ['角石'] (超时 5.0s)...
00:37:40 [DEBUG  ] OCR: '冲锋枪'
00:37:41 [DEBUG  ] OCR: '冲锋枪'
00:37:42 [DEBUG  ] OCR: '冲锋枪'
00:37:43 [DEBUG  ] OCR: '冲锋枪'
00:37:44 [DEBUG  ] OCR: '冲锋枪'
00:37:44 [DEBUG  ] OCR: '冲锋枪'
00:37:45 [DEBUG  ] OCR: '冲锋枪'
00:37:45 [WARNING]    ❌ 超时 (5.0s)
00:37:45 [WARNING]    ⚠️ 失败，0.8s 后重试...
00:37:46 [INFO   ] 
👉 [二级] 入口 → 等'角石'  (第 2/3 次)
00:37:46 [DEBUG  ] 点击 (1855, 269)
00:37:46 [INFO   ]    ⏳ 等待 ['角石'] (超时 5.0s)...
00:37:46 [DEBUG  ] OCR: '冲锋枪'
00:37:47 [DEBUG  ] OCR: '冲锋枪'
00:37:48 [DEBUG  ] OCR: '冲锋枪'
00:37:49 [DEBUG  ] OCR: '冲锋枪'
00:37:49 [DEBUG  ] OCR: '冲锋枪'
00:37:50 [DEBUG  ] OCR: '冲锋枪'
00:37:51 [DEBUG  ] OCR: '冲锋枪'
00:37:51 [DEBUG  ] OCR: '冲锋枪'
00:37:51 [WARNING]    ❌ 超时 (5.0s)
00:37:51 [WARNING]    ⚠️ 失败，0.8s 后重试...
00:37:52 [INFO   ] 
👉 [二级] 入口 → 等'角石'  (第 3/3 次)
00:37:52 [DEBUG  ] 点击 (1855, 269)
00:37:52 [INFO   ]    ⏳ 等待 ['角石'] (超时 5.0s)...
00:37:53 [DEBUG  ] OCR: '角石'
00:37:53 [INFO   ]    ✅ 识别到 '角石'  耗时 0.15s
00:37:53 [INFO   ] 
👉 [三级] 点击角石 (1730, 370)
00:37:53 [DEBUG  ] 点击 (1730, 370)
00:37:54 [INFO   ] 👉 [读取] 上架额度...
00:37:54 [DEBUG  ] OCR: '/10'
00:37:54 [WARNING] OCR 容量解析失败: '/10'
00:37:55 [DEBUG  ] OCR: '/10'
00:37:55 [WARNING] OCR 容量解析失败: '/10'
00:37:56 [DEBUG  ] OCR: '/10'
00:37:56 [WARNING] OCR 容量解析失败: '/10'
00:37:56 [DEBUG  ] OCR: '/10'
00:37:56 [WARNING] OCR 容量解析失败: '/10'
00:37:57 [DEBUG  ] OCR: '/10'
00:37:57 [WARNING] OCR 容量解析失败: '/10'
00:37:58 [ERROR  ] ❌ 额度解析失败，请检查坐标或模板
00:37:58 [INFO   ] ==================================================
00:37:58 [INFO   ] 🏁 日志: E:\桌面\GameClicker\上架\logs\run_20260325_003441.log
00:37:58 [INFO   ] 👉 F12 再次执行，ESC 退出

