23:54:45 [INFO   ] ==================================================
23:54:45 [INFO   ] 📦 脚本启动
23:54:45 [INFO   ] 📁 日志文件: E:\桌面\GAMECL~1\上架\logs\run_20260324_235445.log
23:54:45 [INFO   ] ✅ 分辨率校验通过: 1920×1080
23:54:45 [INFO   ] 🔧 初始化 OCR 引擎...
23:54:46 [INFO   ] 🔧 初始化 DXCam (目标帧率: 30)...
23:54:46 [INFO   ] ✅ 截屏可用，画面尺寸: 1920×1080
23:54:46 [INFO   ] ✅ 初始化完成！按 F12 开始，按 ESC 退出

23:54:55 [INFO   ] 
==================================================
23:54:55 [INFO   ] ⏳ 收到 F12，2 秒后开始执行，请切回游戏窗口...
23:54:57 [INFO   ] ✅ 已捕获游戏窗口句柄: 147674
23:54:57 [DEBUG  ] 交易行模板匹配置信度: 1.000
23:54:57 [INFO   ] 🚀 确认在交易行，开始三级跳转...

23:54:57 [INFO   ] 
👉 [一级] 点击功能键 → 等'上架数量'  (第 1/3 次)
23:54:58 [DEBUG  ] 点击 (1850, 990)
23:54:58 [INFO   ]    ⏳ 等待文字 ['上架', '数量'] (超时 5.0s)...
23:54:58 [DEBUG  ] OCR 原始输出: '上架数量：' (number_mode=False)
23:54:58 [INFO   ]    ✅ 识别到 '上架'  完整文本='上架数量：'  耗时 0.48s
23:54:59 [INFO   ] 
👉 [二级] 点击入口 → 等'角石'  (第 1/3 次)
23:54:59 [DEBUG  ] 点击 (1855, 269)
23:54:59 [INFO   ]    ⏳ 等待文字 ['角石'] (超时 5.0s)...
23:54:59 [DEBUG  ] OCR 原始输出: '角石' (number_mode=False)
23:54:59 [INFO   ]    ✅ 识别到 '角石'  完整文本='角石'  耗时 0.28s
23:55:00 [INFO   ] 
👉 [三级] 点击角石进入背包 (1730, 370)
23:55:00 [DEBUG  ] 点击 (1730, 370)
23:55:01 [INFO   ] 👉 [解析] 读取上架额度...
23:55:01 [DEBUG  ] OCR 原始输出: '7/10' (number_mode=True)
23:55:01 [DEBUG  ] 额度 OCR 原始: '7/10' (第 1 次)
23:55:01 [DEBUG  ] 容量清洗后: '7/10' → '7/10'
23:55:01 [INFO   ] 
📊 额度: 已上架 7/10，剩余 3
23:55:02 [INFO   ] ✅ 额度充足，还可上架 3 个
23:55:02 [INFO   ] ==================================================
23:55:02 [INFO   ] 🏁 本轮结束。日志: E:\桌面\GAMECL~1\上架\logs\run_20260324_235445.log
23:55:02 [INFO   ] 👉 按 F12 再次执行，按 ESC 退出程序

