04:04:33 [INFO   ] ==================================================
04:04:33 [INFO   ] 📦 上架脚本启动（合并版）
04:04:33 [INFO   ] 📄 日志: E:\桌面\GAMECL~1\上架\logs\run_20260325_040433.log
04:04:33 [INFO   ] 💰 当前目标价格: 3199111
04:04:33 [INFO   ] ✅ 分辨率校验通过: 1920×1080
04:04:33 [INFO   ] 📁 模板目录: E:\桌面\GAMECL~1\上架\logo\shangjia
04:04:33 [INFO   ]    找到 14 个 png: ['0.png', '1.png', '10.png', '2.png', '3.png', '4.png', '5.png', '6.png', '7.png', '8.png', '9.png', 'heikuang.png', 'pojiaoshi.png', 'slash.png']
04:04:33 [INFO   ]    ✅ '0' ← 0.png  (原始 10×19 → 标准 20×28)
04:04:33 [INFO   ]    ✅ '1' ← 1.png  (原始 11×19 → 标准 20×28)
04:04:33 [INFO   ]    ✅ '2' ← 2.png  (原始 12×20 → 标准 20×28)
04:04:33 [INFO   ]    ✅ '3' ← 3.png  (原始 12×20 → 标准 20×28)
04:04:33 [INFO   ]    ✅ '4' ← 4.png  (原始 13×20 → 标准 20×28)
04:04:33 [INFO   ]    ✅ '5' ← 5.png  (原始 11×20 → 标准 20×28)
04:04:33 [INFO   ]    ✅ '6' ← 6.png  (原始 12×21 → 标准 20×28)
04:04:33 [INFO   ]    ✅ '7' ← 7.png  (原始 13×20 → 标准 20×28)
04:04:33 [INFO   ]    ✅ '8' ← 8.png  (原始 11×20 → 标准 20×28)
04:04:33 [INFO   ]    ✅ '9' ← 9.png  (原始 12×21 → 标准 20×28)
04:04:33 [INFO   ]    ✅ '/' ← slash.png  (原始 12×21 → 标准 20×28)
04:04:33 [INFO   ] 
   已加载 11 个: ['/', '0', '1', '2', '3', '4', '5', '6', '7', '8', '9']
04:04:33 [INFO   ]    ✅ 0-9 和 / 全部就绪！
04:04:33 [INFO   ] 🔢 容量识别: 模板匹配

04:04:33 [INFO   ] 🔧 初始化 OCR...
04:04:33 [INFO   ] 🔧 初始化 DXCam (30 fps)...
04:04:33 [INFO   ] ✅ 截屏: 1920×1080
04:04:33 [INFO   ] 
✅ 就绪！按 F12 开始，ESC 退出

04:04:41 [INFO   ] 
==================================================
04:04:41 [INFO   ] ⏳ 2 秒后开始，请切回游戏...
04:04:43 [INFO   ] ✅ 游戏窗口句柄: 89008
04:04:43 [DEBUG  ] 交易行置信度: 1.000
04:04:43 [INFO   ] 🚀 确认在交易行，开始跳转...

04:04:43 [INFO   ] 
👉 [一级] 功能键 → 等'上架数量'  (第 1/3 次)
04:04:43 [DEBUG  ] 点击 (1850, 990)
04:04:43 [INFO   ]    ⏳ 等待 ['上架', '数量'] (超时 5.0s)...
04:04:44 [DEBUG  ] OCR: '上架数量：'
04:04:44 [INFO   ]    ✅ 识别到 '上架'  耗时 0.58s
04:04:45 [INFO   ] 
👉 [二级] 入口 → 等'角石'  (第 1/3 次)
04:04:45 [DEBUG  ] 点击 (1855, 269)
04:04:45 [INFO   ]    ⏳ 等待 ['角石'] (超时 5.0s)...
04:04:45 [DEBUG  ] OCR: '角石'
04:04:45 [INFO   ]    ✅ 识别到 '角石'  耗时 0.34s
04:04:46 [INFO   ] 
👉 [三级] 点击角石 (1730, 370)
04:04:46 [DEBUG  ] 点击 (1730, 370)
04:04:47 [INFO   ] 👉 [读取] 上架额度...
04:04:47 [DEBUG  ]   字符[0]: '0' (0.709)
04:04:47 [DEBUG  ]   字符[1]: '/' (0.825)
04:04:47 [DEBUG  ]   字符[2]: '1' (0.734)
04:04:47 [DEBUG  ]   字符[3]: '0' (0.732)
04:04:47 [INFO   ] 📐 模板识别: '0/10'  最低置信度: 0.709
04:04:47 [INFO   ] 
📊 额度: 0/10，剩余 10
04:04:47 [INFO   ] ✅ 开始上架（最多 10 个）...

04:04:47 [INFO   ] 💰 目标价格: 3199111

04:04:47 [DEBUG  ] 道具匹配置信度: 1.000
04:04:47 [INFO   ] [扫描] ✅ 找到道具 (1308, 329)
04:04:47 [DEBUG  ] 点击 (1308, 329)
04:04:47 [INFO   ]   点击道具 (1308, 329)
04:04:48 [DEBUG  ]   弹窗检测 #1: 相似度 0.1083
04:04:48 [INFO   ]   ✅ 弹窗已出现 (相似度 0.1083)
04:04:48 [DEBUG  ] 点击 (1219, 736)
04:04:50 [WARNING]   ❌ 价格验证失败（第1/3次）: 期望=3199111, 剪贴板原文='', 清洗后=''
04:04:50 [DEBUG  ] 点击 (1219, 736)
04:04:51 [WARNING]   ❌ 价格验证失败（第2/3次）: 期望=3199111, 剪贴板原文='', 清洗后=''
04:04:52 [DEBUG  ] 点击 (1219, 736)
04:04:53 [WARNING]   ❌ 价格验证失败（第3/3次）: 期望=3199111, 剪贴板原文='', 清洗后=''
04:04:53 [ERROR  ]   ⛔ 价格 3 次验证均失败，ESC 关闭弹窗
04:04:54 [WARNING]   ⚠️ 连续失败 1/3
04:04:54 [DEBUG  ] 道具匹配置信度: 0.942
04:04:54 [INFO   ] [扫描] ✅ 找到道具 (1595, 329)
04:04:54 [DEBUG  ] 点击 (1595, 329)
04:04:54 [INFO   ]   点击道具 (1595, 329)
04:04:55 [DEBUG  ]   弹窗检测 #1: 相似度 1.0000
04:04:55 [DEBUG  ]   弹窗检测 #2: 相似度 1.0000
04:04:55 [DEBUG  ]   弹窗检测 #3: 相似度 1.0000
04:04:56 [DEBUG  ]   弹窗检测 #4: 相似度 1.0000
04:04:56 [DEBUG  ]   弹窗检测 #5: 相似度 1.0000
04:04:56 [DEBUG  ]   弹窗检测 #6: 相似度 1.0000
04:04:57 [DEBUG  ]   弹窗检测 #7: 相似度 1.0000
04:04:57 [DEBUG  ]   弹窗检测 #8: 相似度 1.0000
04:04:57 [DEBUG  ]   弹窗检测 #9: 相似度 1.0000
04:04:57 [DEBUG  ]   弹窗检测 #10: 相似度 1.0000
04:04:58 [WARNING]   ⚠️ 未检测到弹窗，跳过
04:04:58 [WARNING]   ⚠️ 连续失败 2/3
04:04:58 [DEBUG  ] 道具匹配置信度: 0.942
04:04:58 [INFO   ] [扫描] ✅ 找到道具 (1595, 329)
04:04:58 [DEBUG  ] 点击 (1595, 329)
04:04:58 [INFO   ]   点击道具 (1595, 329)
04:04:59 [DEBUG  ]   弹窗检测 #1: 相似度 1.0000
04:04:59 [DEBUG  ]   弹窗检测 #2: 相似度 1.0000
04:04:59 [DEBUG  ]   弹窗检测 #3: 相似度 1.0000
04:05:00 [DEBUG  ]   弹窗检测 #4: 相似度 1.0000
04:05:00 [DEBUG  ]   弹窗检测 #5: 相似度 1.0000
04:05:00 [DEBUG  ]   弹窗检测 #6: 相似度 1.0000
04:05:00 [DEBUG  ]   弹窗检测 #7: 相似度 1.0000
04:05:01 [DEBUG  ]   弹窗检测 #8: 相似度 1.0000
04:05:01 [DEBUG  ]   弹窗检测 #9: 相似度 1.0000
04:05:01 [DEBUG  ]   弹窗检测 #10: 相似度 1.0000
04:05:02 [WARNING]   ⚠️ 未检测到弹窗，跳过
04:05:02 [WARNING]   ⚠️ 连续失败 3/3
04:05:02 [INFO   ]   🔄 连续失败达上限，翻页跳过
04:05:03 [DEBUG  ] 道具匹配置信度: 0.942
04:05:03 [INFO   ] [扫描] ✅ 找到道具 (1595, 329)
04:05:03 [DEBUG  ] 点击 (1595, 329)
04:05:03 [INFO   ]   点击道具 (1595, 329)
04:05:04 [DEBUG  ]   弹窗检测 #1: 相似度 1.0000
04:05:04 [DEBUG  ]   弹窗检测 #2: 相似度 1.0000
04:05:05 [DEBUG  ]   弹窗检测 #3: 相似度 1.0000
04:05:05 [DEBUG  ]   弹窗检测 #4: 相似度 -0.1113
04:05:05 [INFO   ]   ✅ 弹窗已出现 (相似度 -0.1113)
04:05:05 [DEBUG  ] 点击 (1219, 736)
04:05:07 [WARNING]   ❌ 价格验证失败（第1/3次）: 期望=3199111, 剪贴板原文='', 清洗后=''
04:05:07 [DEBUG  ] 点击 (1219, 736)
04:05:09 [WARNING]   ❌ 价格验证失败（第2/3次）: 期望=3199111, 剪贴板原文='', 清洗后=''
04:05:09 [DEBUG  ] 点击 (1219, 736)
04:05:11 [WARNING]   ❌ 价格验证失败（第3/3次）: 期望=3199111, 剪贴板原文='', 清洗后=''
04:05:11 [ERROR  ]   ⛔ 价格 3 次验证均失败，ESC 关闭弹窗
04:05:11 [WARNING]   ⚠️ 连续失败 1/3
04:05:11 [DEBUG  ] 道具匹配置信度: 0.373
04:05:11 [INFO   ] [扫描] 未找到道具，翻页...
04:05:13 [INFO   ] [翻页] 前后相似度: 0.0774
04:05:13 [INFO   ] [翻页] 翻页成功
04:05:13 [DEBUG  ] 道具匹配置信度: 0.942
04:05:13 [INFO   ] [扫描] ✅ 找到道具 (1595, 329)
04:05:13 [DEBUG  ] 点击 (1595, 329)
04:05:13 [INFO   ]   点击道具 (1595, 329)
04:05:14 [DEBUG  ]   弹窗检测 #1: 相似度 0.0839
04:05:14 [INFO   ]   ✅ 弹窗已出现 (相似度 0.0839)
04:05:14 [DEBUG  ] 点击 (1219, 736)
04:05:16 [WARNING]   ❌ 价格验证失败（第1/3次）: 期望=3199111, 剪贴板原文='', 清洗后=''
04:05:16 [DEBUG  ] 点击 (1219, 736)
04:05:18 [WARNING]   ❌ 价格验证失败（第2/3次）: 期望=3199111, 剪贴板原文='', 清洗后=''
04:05:18 [DEBUG  ] 点击 (1219, 736)
04:05:20 [WARNING]   ❌ 价格验证失败（第3/3次）: 期望=3199111, 剪贴板原文='', 清洗后=''
04:05:20 [ERROR  ]   ⛔ 价格 3 次验证均失败，ESC 关闭弹窗
04:05:20 [WARNING]   ⚠️ 连续失败 1/3
04:05:20 [DEBUG  ] 道具匹配置信度: 0.942
04:05:20 [INFO   ] [扫描] ✅ 找到道具 (1595, 329)
04:05:21 [DEBUG  ] 点击 (1595, 329)
04:05:21 [INFO   ]   点击道具 (1595, 329)
04:05:21 [DEBUG  ]   弹窗检测 #1: 相似度 -0.0336
04:05:21 [INFO   ]   ✅ 弹窗已出现 (相似度 -0.0336)
04:05:21 [DEBUG  ] 点击 (1219, 736)
04:05:23 [WARNING]   ❌ 价格验证失败（第1/3次）: 期望=3199111, 剪贴板原文='', 清洗后=''
04:05:23 [DEBUG  ] 点击 (1219, 736)
