05:22:03 [INFO   ] ==================================================
05:22:03 [INFO   ] 📦 上架脚本启动（合并版）
05:22:03 [INFO   ] 📄 日志: E:\桌面\GameClicker\上架\logs\run_20260325_052203.log
05:22:03 [INFO   ] 💰 当前目标价格: 3199111
05:22:03 [INFO   ] ✅ 分辨率校验通过: 1920×1080
05:22:03 [INFO   ] 📁 模板目录: E:\桌面\GameClicker\上架\logo\shangjia
05:22:03 [INFO   ]    找到 14 个 png: ['0.png', '1.png', '10.png', '2.png', '3.png', '4.png', '5.png', '6.png', '7.png', '8.png', '9.png', 'heikuang.png', 'pojiaoshi.png', 'slash.png']
05:22:03 [INFO   ]    ✅ '0' ← 0.png  (原始 10×19 → 标准 20×28)
05:22:03 [INFO   ]    ✅ '1' ← 1.png  (原始 11×19 → 标准 20×28)
05:22:03 [INFO   ]    ✅ '2' ← 2.png  (原始 12×20 → 标准 20×28)
05:22:03 [INFO   ]    ✅ '3' ← 3.png  (原始 12×20 → 标准 20×28)
05:22:03 [INFO   ]    ✅ '4' ← 4.png  (原始 13×20 → 标准 20×28)
05:22:03 [INFO   ]    ✅ '5' ← 5.png  (原始 11×20 → 标准 20×28)
05:22:03 [INFO   ]    ✅ '6' ← 6.png  (原始 12×21 → 标准 20×28)
05:22:03 [INFO   ]    ✅ '7' ← 7.png  (原始 13×20 → 标准 20×28)
05:22:03 [INFO   ]    ✅ '8' ← 8.png  (原始 11×20 → 标准 20×28)
05:22:03 [INFO   ]    ✅ '9' ← 9.png  (原始 12×21 → 标准 20×28)
05:22:03 [INFO   ]    ✅ '/' ← slash.png  (原始 12×21 → 标准 20×28)
05:22:03 [INFO   ] 
   已加载 11 个: ['/', '0', '1', '2', '3', '4', '5', '6', '7', '8', '9']
05:22:03 [INFO   ]    ✅ 0-9 和 / 全部就绪！
05:22:03 [INFO   ] 🔢 容量识别: 模板匹配

05:22:03 [INFO   ] 🔧 初始化 OCR...
05:22:04 [INFO   ] 🔧 初始化 DXCam (30 fps)...
05:22:04 [INFO   ] ✅ 截屏: 1920×1080
05:22:04 [INFO   ] 
✅ 就绪！按 F12 开始，ESC 退出

05:22:16 [INFO   ] 
==================================================
05:22:16 [INFO   ] ⏳ 2 秒后开始，请切回游戏...
05:22:18 [INFO   ] ✅ 游戏窗口句柄: 556134
05:22:18 [DEBUG  ] 交易行置信度: 1.000
05:22:18 [INFO   ] 🚀 确认在交易行，开始跳转...

05:22:18 [INFO   ] 
👉 [一级] 功能键 → 等'上架数量'  (第 1/3 次)
05:22:18 [DEBUG  ] 点击 (1850, 990)
05:22:18 [INFO   ]    ⏳ 等待 ['上架', '数量'] (超时 5.0s)...
05:22:23 [WARNING]    ❌ 超时 (5.0s)
05:22:23 [WARNING]    ⚠️ 失败，0.8s 后重试...
05:22:24 [INFO   ] 
👉 [一级] 功能键 → 等'上架数量'  (第 2/3 次)
05:22:24 [DEBUG  ] 点击 (1850, 990)
05:22:24 [INFO   ]    ⏳ 等待 ['上架', '数量'] (超时 5.0s)...
05:22:29 [WARNING]    ❌ 超时 (5.0s)
05:22:29 [WARNING]    ⚠️ 失败，0.8s 后重试...
05:22:30 [INFO   ] 
👉 [一级] 功能键 → 等'上架数量'  (第 3/3 次)
05:22:30 [DEBUG  ] 点击 (1850, 990)
05:22:30 [INFO   ]    ⏳ 等待 ['上架', '数量'] (超时 5.0s)...
