04:26:27 [INFO   ] ==================================================
04:26:27 [INFO   ] 📦 上架脚本启动（合并版）
04:26:27 [INFO   ] 📄 日志: E:\桌面\GAMECL~1\上架\logs\run_20260325_042627.log
04:26:27 [INFO   ] 💰 当前目标价格: 3199111
04:26:27 [INFO   ] ✅ 分辨率校验通过: 1920×1080
04:26:27 [INFO   ] 📁 模板目录: E:\桌面\GAMECL~1\上架\logo\shangjia
04:26:27 [INFO   ]    找到 14 个 png: ['0.png', '1.png', '10.png', '2.png', '3.png', '4.png', '5.png', '6.png', '7.png', '8.png', '9.png', 'heikuang.png', 'pojiaoshi.png', 'slash.png']
04:26:27 [INFO   ]    ✅ '0' ← 0.png  (原始 10×19 → 标准 20×28)
04:26:27 [INFO   ]    ✅ '1' ← 1.png  (原始 11×19 → 标准 20×28)
04:26:27 [INFO   ]    ✅ '2' ← 2.png  (原始 12×20 → 标准 20×28)
04:26:27 [INFO   ]    ✅ '3' ← 3.png  (原始 12×20 → 标准 20×28)
04:26:27 [INFO   ]    ✅ '4' ← 4.png  (原始 13×20 → 标准 20×28)
04:26:27 [INFO   ]    ✅ '5' ← 5.png  (原始 11×20 → 标准 20×28)
04:26:27 [INFO   ]    ✅ '6' ← 6.png  (原始 12×21 → 标准 20×28)
04:26:27 [INFO   ]    ✅ '7' ← 7.png  (原始 13×20 → 标准 20×28)
04:26:27 [INFO   ]    ✅ '8' ← 8.png  (原始 11×20 → 标准 20×28)
04:26:27 [INFO   ]    ✅ '9' ← 9.png  (原始 12×21 → 标准 20×28)
04:26:27 [INFO   ]    ✅ '/' ← slash.png  (原始 12×21 → 标准 20×28)
04:26:27 [INFO   ] 
   已加载 11 个: ['/', '0', '1', '2', '3', '4', '5', '6', '7', '8', '9']
04:26:27 [INFO   ]    ✅ 0-9 和 / 全部就绪！
04:26:27 [INFO   ] 🔢 容量识别: 模板匹配

04:26:27 [INFO   ] 🔧 初始化 OCR...
04:26:28 [INFO   ] 🔧 初始化 DXCam (30 fps)...
04:26:28 [INFO   ] ✅ 截屏: 1920×1080
04:26:28 [INFO   ] 
✅ 就绪！按 F12 开始，ESC 退出

04:26:32 [INFO   ] 
==================================================
04:26:32 [INFO   ] ⏳ 2 秒后开始，请切回游戏...
04:26:34 [INFO   ] ✅ 游戏窗口句柄: 89008
04:26:34 [DEBUG  ] 交易行置信度: 1.000
04:26:34 [INFO   ] 🚀 确认在交易行，开始跳转...

04:26:34 [INFO   ] 
👉 [一级] 功能键 → 等'上架数量'  (第 1/3 次)
04:26:35 [DEBUG  ] 点击 (1850, 990)
04:26:35 [INFO   ]    ⏳ 等待 ['上架', '数量'] (超时 5.0s)...
04:26:35 [DEBUG  ] OCR: '上架数量：'
04:26:35 [INFO   ]    ✅ 识别到 '上架'  耗时 0.52s
04:26:36 [INFO   ] 
👉 [二级] 入口 → 等'角石'  (第 1/3 次)
04:26:36 [DEBUG  ] 点击 (1855, 269)
04:26:36 [INFO   ]    ⏳ 等待 ['角石'] (超时 5.0s)...
04:26:36 [DEBUG  ] OCR: '角石'
04:26:36 [INFO   ]    ✅ 识别到 '角石'  耗时 0.28s
04:26:37 [INFO   ] 
👉 [三级] 点击角石 (1730, 370)
04:26:37 [DEBUG  ] 点击 (1730, 370)
04:26:38 [INFO   ] 👉 [读取] 上架额度...
04:26:38 [DEBUG  ]   字符[0]: '0' (0.709)
04:26:38 [DEBUG  ]   字符[1]: '/' (0.825)
04:26:38 [DEBUG  ]   字符[2]: '1' (0.734)
04:26:38 [DEBUG  ]   字符[3]: '0' (0.732)
04:26:38 [INFO   ] 📐 模板识别: '0/10'  最低置信度: 0.709
04:26:38 [INFO   ] 
📊 额度: 0/10，剩余 10
04:26:38 [INFO   ] ✅ 开始上架（最多 10 个）...
04:26:38 [INFO   ] 💰 目标价格: 3199111

04:26:38 [DEBUG  ] 道具匹配置信度: 1.000
04:26:38 [INFO   ] [扫描] ✅ 找到道具 (1308, 329)
04:26:38 [DEBUG  ] 点击 (1308, 329)
04:26:38 [INFO   ]   点击道具 (1308, 329)
04:26:39 [DEBUG  ]   弹窗检测 #1: 相似度 -0.0013
04:26:39 [INFO   ]   ✅ 弹窗已出现 (相似度 -0.0013)
04:26:39 [ERROR  ]   ⛔ 写入剪贴板失败
04:26:39 [WARNING]   ⚠️ 连续失败 1/3
04:26:39 [DEBUG  ] 道具匹配置信度: 0.942
04:26:39 [INFO   ] [扫描] ✅ 找到道具 (1595, 329)
04:26:39 [DEBUG  ] 点击 (1595, 329)
04:26:39 [INFO   ]   点击道具 (1595, 329)
04:26:40 [DEBUG  ]   弹窗检测 #1: 相似度 0.1193
04:26:40 [INFO   ]   ✅ 弹窗已出现 (相似度 0.1193)
04:26:40 [ERROR  ]   ⛔ 写入剪贴板失败
04:26:40 [WARNING]   ⚠️ 连续失败 2/3
04:26:40 [DEBUG  ] 道具匹配置信度: 0.942
04:26:40 [INFO   ] [扫描] ✅ 找到道具 (1595, 329)
04:26:40 [DEBUG  ] 点击 (1595, 329)
04:26:40 [INFO   ]   点击道具 (1595, 329)
04:26:41 [DEBUG  ]   弹窗检测 #1: 相似度 -0.0392
04:26:41 [INFO   ]   ✅ 弹窗已出现 (相似度 -0.0392)
04:26:41 [ERROR  ]   ⛔ 写入剪贴板失败
04:26:41 [WARNING]   ⚠️ 连续失败 3/3
04:26:41 [INFO   ]   🔄 连续失败达上限，翻页跳过
04:26:42 [DEBUG  ] 道具匹配置信度: 0.942
04:26:42 [INFO   ] [扫描] ✅ 找到道具 (1595, 329)
04:26:42 [DEBUG  ] 点击 (1595, 329)
04:26:42 [INFO   ]   点击道具 (1595, 329)
04:26:43 [DEBUG  ]   弹窗检测 #1: 相似度 1.0000
04:26:43 [DEBUG  ]   弹窗检测 #2: 相似度 1.0000
04:26:44 [DEBUG  ]   弹窗检测 #3: 相似度 0.1085
04:26:44 [INFO   ]   ✅ 弹窗已出现 (相似度 0.1085)
04:26:44 [ERROR  ]   ⛔ 写入剪贴板失败
04:26:44 [WARNING]   ⚠️ 连续失败 1/3
04:26:44 [DEBUG  ] 道具匹配置信度: 1.000
04:26:44 [INFO   ] [扫描] ✅ 找到道具 (1308, 329)
04:26:44 [DEBUG  ] 点击 (1308, 329)
04:26:44 [INFO   ]   点击道具 (1308, 329)
04:26:44 [DEBUG  ]   弹窗检测 #1: 相似度 0.1043
04:26:44 [INFO   ]   ✅ 弹窗已出现 (相似度 0.1043)
04:26:44 [ERROR  ]   ⛔ 写入剪贴板失败
04:26:44 [WARNING]   ⚠️ 连续失败 2/3
04:26:44 [DEBUG  ] 道具匹配置信度: 0.942
04:26:44 [INFO   ] [扫描] ✅ 找到道具 (1595, 329)
04:26:45 [DEBUG  ] 点击 (1595, 329)
04:26:45 [INFO   ]   点击道具 (1595, 329)
04:26:45 [DEBUG  ]   弹窗检测 #1: 相似度 1.0000
04:26:46 [DEBUG  ]   弹窗检测 #2: 相似度 1.0000
04:26:46 [DEBUG  ]   弹窗检测 #3: 相似度 1.0000
04:26:46 [DEBUG  ]   弹窗检测 #4: 相似度 1.0000
04:26:47 [DEBUG  ]   弹窗检测 #5: 相似度 1.0000
04:26:47 [DEBUG  ]   弹窗检测 #6: 相似度 1.0000
04:26:47 [DEBUG  ]   弹窗检测 #7: 相似度 1.0000
04:26:47 [DEBUG  ]   弹窗检测 #8: 相似度 1.0000
04:26:48 [DEBUG  ]   弹窗检测 #9: 相似度 0.1043
04:26:48 [INFO   ]   ✅ 弹窗已出现 (相似度 0.1043)
04:26:48 [ERROR  ]   ⛔ 写入剪贴板失败
04:26:48 [WARNING]   ⚠️ 连续失败 3/3
04:26:48 [INFO   ]   🔄 连续失败达上限，翻页跳过
04:26:49 [DEBUG  ] 道具匹配置信度: 1.000
04:26:49 [INFO   ] [扫描] ✅ 找到道具 (1308, 208)
04:26:50 [DEBUG  ] 点击 (1308, 208)
04:26:50 [INFO   ]   点击道具 (1308, 208)
04:26:50 [DEBUG  ]   弹窗检测 #1: 相似度 0.1086
04:26:50 [INFO   ]   ✅ 弹窗已出现 (相似度 0.1086)
04:26:50 [ERROR  ]   ⛔ 写入剪贴板失败
04:26:50 [WARNING]   ⚠️ 连续失败 1/3
04:26:50 [DEBUG  ] 道具匹配置信度: 0.766
04:26:50 [INFO   ] [扫描] ✅ 找到道具 (1308, 639)
04:26:50 [DEBUG  ] 点击 (1308, 639)
04:26:50 [INFO   ]   点击道具 (1308, 639)
04:26:51 [DEBUG  ]   弹窗检测 #1: 相似度 1.0000
04:26:51 [DEBUG  ]   弹窗检测 #2: 相似度 1.0000
04:26:52 [DEBUG  ]   弹窗检测 #3: 相似度 1.0000
04:26:52 [DEBUG  ]   弹窗检测 #4: 相似度 1.0000
04:26:52 [DEBUG  ]   弹窗检测 #5: 相似度 1.0000
04:26:52 [DEBUG  ]   弹窗检测 #6: 相似度 1.0000
04:26:53 [DEBUG  ]   弹窗检测 #7: 相似度 1.0000
04:26:53 [DEBUG  ]   弹窗检测 #8: 相似度 1.0000
04:26:53 [DEBUG  ]   弹窗检测 #9: 相似度 0.9999
04:26:54 [DEBUG  ]   弹窗检测 #10: 相似度 1.0000
04:26:54 [WARNING]   ⚠️ 未检测到弹窗，跳过
04:26:54 [WARNING]   ⚠️ 连续失败 2/3
04:26:54 [DEBUG  ] 道具匹配置信度: 0.766
04:26:54 [INFO   ] [扫描] ✅ 找到道具 (1308, 639)
04:26:54 [DEBUG  ] 点击 (1308, 639)
04:26:54 [INFO   ]   点击道具 (1308, 639)
04:26:55 [DEBUG  ]   弹窗检测 #1: 相似度 1.0000
04:26:55 [DEBUG  ]   弹窗检测 #2: 相似度 1.0000
04:26:55 [DEBUG  ]   弹窗检测 #3: 相似度 0.9999
04:26:56 [DEBUG  ]   弹窗检测 #4: 相似度 1.0000
04:26:56 [DEBUG  ]   弹窗检测 #5: 相似度 0.1051
04:26:56 [INFO   ]   ✅ 弹窗已出现 (相似度 0.1051)
04:26:56 [ERROR  ]   ⛔ 写入剪贴板失败
04:26:56 [WARNING]   ⚠️ 连续失败 3/3
04:26:56 [INFO   ]   🔄 连续失败达上限，翻页跳过
04:26:58 [DEBUG  ] 道具匹配置信度: 1.000
04:26:58 [INFO   ] [扫描] ✅ 找到道具 (1308, 249)
04:26:58 [DEBUG  ] 点击 (1308, 249)
04:26:58 [INFO   ]   点击道具 (1308, 249)
04:26:58 [DEBUG  ]   弹窗检测 #1: 相似度 0.1043
04:26:58 [INFO   ]   ✅ 弹窗已出现 (相似度 0.1043)
04:26:58 [ERROR  ]   ⛔ 写入剪贴板失败
04:26:58 [WARNING]   ⚠️ 连续失败 1/3
04:26:58 [DEBUG  ] 道具匹配置信度: 0.783
04:26:58 [INFO   ] [扫描] ✅ 找到道具 (1595, 680)
04:26:59 [DEBUG  ] 点击 (1595, 680)
04:26:59 [INFO   ]   点击道具 (1595, 680)
04:26:59 [DEBUG  ]   弹窗检测 #1: 相似度 1.0000
04:27:00 [DEBUG  ]   弹窗检测 #2: 相似度 1.0000
04:27:00 [DEBUG  ]   弹窗检测 #3: 相似度 1.0000
04:27:00 [DEBUG  ]   弹窗检测 #4: 相似度 1.0000
04:27:00 [DEBUG  ]   弹窗检测 #5: 相似度 1.0000
04:27:01 [DEBUG  ]   弹窗检测 #6: 相似度 1.0000
04:27:01 [DEBUG  ]   弹窗检测 #7: 相似度 1.0000
04:27:01 [DEBUG  ]   弹窗检测 #8: 相似度 1.0000
04:27:02 [DEBUG  ]   弹窗检测 #9: 相似度 0.1043
04:27:02 [INFO   ]   ✅ 弹窗已出现 (相似度 0.1043)
04:27:02 [ERROR  ]   ⛔ 写入剪贴板失败
04:27:02 [WARNING]   ⚠️ 连续失败 2/3
04:27:02 [DEBUG  ] 道具匹配置信度: 1.000
04:27:02 [INFO   ] [扫描] ✅ 找到道具 (1308, 249)
04:27:02 [DEBUG  ] 点击 (1308, 249)
04:27:02 [INFO   ]   点击道具 (1308, 249)
04:27:03 [DEBUG  ]   弹窗检测 #1: 相似度 0.1067
04:27:03 [INFO   ]   ✅ 弹窗已出现 (相似度 0.1067)
04:27:03 [ERROR  ]   ⛔ 写入剪贴板失败
04:27:03 [WARNING]   ⚠️ 连续失败 3/3
04:27:03 [INFO   ]   🔄 连续失败达上限，翻页跳过
04:27:04 [DEBUG  ] 道具匹配置信度: 0.325
04:27:04 [INFO   ] [扫描] 未找到道具，翻页...
