04:29:22 [INFO   ] ==================================================
04:29:22 [INFO   ] 📦 上架脚本启动（合并版）
04:29:22 [INFO   ] 📄 日志: E:\桌面\GAMECL~1\上架\logs\run_20260325_042922.log
04:29:22 [INFO   ] 💰 当前目标价格: 3199111
04:29:22 [INFO   ] ✅ 分辨率校验通过: 1920×1080
04:29:22 [INFO   ] 📁 模板目录: E:\桌面\GAMECL~1\上架\logo\shangjia
04:29:22 [INFO   ]    找到 14 个 png: ['0.png', '1.png', '10.png', '2.png', '3.png', '4.png', '5.png', '6.png', '7.png', '8.png', '9.png', 'heikuang.png', 'pojiaoshi.png', 'slash.png']
04:29:22 [INFO   ]    ✅ '0' ← 0.png  (原始 10×19 → 标准 20×28)
04:29:22 [INFO   ]    ✅ '1' ← 1.png  (原始 11×19 → 标准 20×28)
04:29:22 [INFO   ]    ✅ '2' ← 2.png  (原始 12×20 → 标准 20×28)
04:29:22 [INFO   ]    ✅ '3' ← 3.png  (原始 12×20 → 标准 20×28)
04:29:22 [INFO   ]    ✅ '4' ← 4.png  (原始 13×20 → 标准 20×28)
04:29:22 [INFO   ]    ✅ '5' ← 5.png  (原始 11×20 → 标准 20×28)
04:29:22 [INFO   ]    ✅ '6' ← 6.png  (原始 12×21 → 标准 20×28)
04:29:22 [INFO   ]    ✅ '7' ← 7.png  (原始 13×20 → 标准 20×28)
04:29:22 [INFO   ]    ✅ '8' ← 8.png  (原始 11×20 → 标准 20×28)
04:29:22 [INFO   ]    ✅ '9' ← 9.png  (原始 12×21 → 标准 20×28)
04:29:22 [INFO   ]    ✅ '/' ← slash.png  (原始 12×21 → 标准 20×28)
04:29:22 [INFO   ] 
   已加载 11 个: ['/', '0', '1', '2', '3', '4', '5', '6', '7', '8', '9']
04:29:22 [INFO   ]    ✅ 0-9 和 / 全部就绪！
04:29:22 [INFO   ] 🔢 容量识别: 模板匹配

04:29:22 [INFO   ] 🔧 初始化 OCR...
04:29:23 [INFO   ] 🔧 初始化 DXCam (30 fps)...
04:29:23 [INFO   ] ✅ 截屏: 1920×1080
04:29:23 [INFO   ] 
✅ 就绪！按 F12 开始，ESC 退出

04:29:24 [INFO   ] 
==================================================
04:29:24 [INFO   ] ⏳ 2 秒后开始，请切回游戏...
04:29:26 [INFO   ] ✅ 游戏窗口句柄: 89008
04:29:26 [DEBUG  ] 交易行置信度: 1.000
04:29:26 [INFO   ] 🚀 确认在交易行，开始跳转...

04:29:26 [INFO   ] 
👉 [一级] 功能键 → 等'上架数量'  (第 1/3 次)
04:29:26 [DEBUG  ] 点击 (1850, 990)
04:29:26 [INFO   ]    ⏳ 等待 ['上架', '数量'] (超时 5.0s)...
04:29:27 [DEBUG  ] OCR: '上架数量：'
04:29:27 [INFO   ]    ✅ 识别到 '上架'  耗时 0.42s
04:29:27 [INFO   ] 
👉 [二级] 入口 → 等'角石'  (第 1/3 次)
04:29:28 [DEBUG  ] 点击 (1855, 269)
04:29:28 [INFO   ]    ⏳ 等待 ['角石'] (超时 5.0s)...
04:29:28 [DEBUG  ] OCR: '角石'
04:29:28 [INFO   ]    ✅ 识别到 '角石'  耗时 0.32s
04:29:29 [INFO   ] 
👉 [三级] 点击角石 (1730, 370)
04:29:29 [DEBUG  ] 点击 (1730, 370)
04:29:29 [INFO   ] 👉 [读取] 上架额度...
04:29:29 [DEBUG  ]   字符[0]: '0' (0.709)
04:29:29 [DEBUG  ]   字符[1]: '/' (0.825)
04:29:29 [DEBUG  ]   字符[2]: '1' (0.734)
04:29:29 [DEBUG  ]   字符[3]: '0' (0.732)
04:29:29 [INFO   ] 📐 模板识别: '0/10'  最低置信度: 0.709
04:29:29 [INFO   ] 
📊 额度: 0/10，剩余 10
04:29:29 [INFO   ] ✅ 开始上架（最多 10 个）...
04:29:29 [INFO   ] 💰 目标价格: 3199111

04:29:30 [DEBUG  ] 道具匹配置信度: 1.000
04:29:30 [INFO   ] [扫描] ✅ 找到道具 (1308, 329)
04:29:30 [DEBUG  ] 点击 (1308, 329)
04:29:30 [INFO   ]   点击道具 (1308, 329)
04:29:30 [DEBUG  ]   弹窗检测 #1: 相似度 0.1050
04:29:30 [INFO   ]   ✅ 弹窗已出现 (相似度 0.1050)
04:29:30 [ERROR  ]   ⛔ 写入剪贴板失败
04:29:30 [WARNING]   ⚠️ 连续失败 1/3
04:29:30 [DEBUG  ] 道具匹配置信度: 0.942
04:29:30 [INFO   ] [扫描] ✅ 找到道具 (1595, 329)
04:29:31 [DEBUG  ] 点击 (1595, 329)
04:29:31 [INFO   ]   点击道具 (1595, 329)
04:29:31 [DEBUG  ]   弹窗检测 #1: 相似度 1.0000
04:29:32 [DEBUG  ]   弹窗检测 #2: 相似度 1.0000
04:29:32 [DEBUG  ]   弹窗检测 #3: 相似度 0.9999
04:29:32 [DEBUG  ]   弹窗检测 #4: 相似度 0.9999
04:29:33 [DEBUG  ]   弹窗检测 #5: 相似度 0.9999
04:29:33 [DEBUG  ]   弹窗检测 #6: 相似度 0.9999
04:29:33 [DEBUG  ]   弹窗检测 #7: 相似度 0.9999
04:29:33 [DEBUG  ]   弹窗检测 #8: 相似度 1.0000
04:29:34 [DEBUG  ]   弹窗检测 #9: 相似度 1.0000
04:29:34 [DEBUG  ]   弹窗检测 #10: 相似度 1.0000
04:29:34 [WARNING]   ⚠️ 未检测到弹窗，跳过
04:29:34 [WARNING]   ⚠️ 连续失败 2/3
04:29:34 [DEBUG  ] 道具匹配置信度: 0.942
04:29:34 [INFO   ] [扫描] ✅ 找到道具 (1595, 329)
04:29:35 [DEBUG  ] 点击 (1595, 329)
04:29:35 [INFO   ]   点击道具 (1595, 329)
04:29:35 [DEBUG  ]   弹窗检测 #1: 相似度 1.0000
04:29:36 [DEBUG  ]   弹窗检测 #2: 相似度 1.0000
04:29:36 [DEBUG  ]   弹窗检测 #3: 相似度 1.0000
04:29:36 [DEBUG  ]   弹窗检测 #4: 相似度 1.0000
04:29:36 [DEBUG  ]   弹窗检测 #5: 相似度 1.0000
04:29:37 [DEBUG  ]   弹窗检测 #6: 相似度 1.0000
04:29:37 [DEBUG  ]   弹窗检测 #7: 相似度 1.0000
04:29:37 [DEBUG  ]   弹窗检测 #8: 相似度 1.0000
04:29:38 [DEBUG  ]   弹窗检测 #9: 相似度 1.0000
04:29:38 [DEBUG  ]   弹窗检测 #10: 相似度 1.0000

