04:27:51 [INFO   ] ==================================================
04:27:51 [INFO   ] 📦 上架脚本启动（合并版）
04:27:51 [INFO   ] 📄 日志: E:\桌面\GAMECL~1\上架\logs\run_20260325_042751.log
04:27:51 [INFO   ] 💰 当前目标价格: 3199111
04:27:51 [INFO   ] ✅ 分辨率校验通过: 1920×1080
04:27:51 [INFO   ] 📁 模板目录: E:\桌面\GAMECL~1\上架\logo\shangjia
04:27:51 [INFO   ]    找到 14 个 png: ['0.png', '1.png', '10.png', '2.png', '3.png', '4.png', '5.png', '6.png', '7.png', '8.png', '9.png', 'heikuang.png', 'pojiaoshi.png', 'slash.png']
04:27:51 [INFO   ]    ✅ '0' ← 0.png  (原始 10×19 → 标准 20×28)
04:27:51 [INFO   ]    ✅ '1' ← 1.png  (原始 11×19 → 标准 20×28)
04:27:51 [INFO   ]    ✅ '2' ← 2.png  (原始 12×20 → 标准 20×28)
04:27:51 [INFO   ]    ✅ '3' ← 3.png  (原始 12×20 → 标准 20×28)
04:27:51 [INFO   ]    ✅ '4' ← 4.png  (原始 13×20 → 标准 20×28)
04:27:51 [INFO   ]    ✅ '5' ← 5.png  (原始 11×20 → 标准 20×28)
04:27:51 [INFO   ]    ✅ '6' ← 6.png  (原始 12×21 → 标准 20×28)
04:27:51 [INFO   ]    ✅ '7' ← 7.png  (原始 13×20 → 标准 20×28)
04:27:51 [INFO   ]    ✅ '8' ← 8.png  (原始 11×20 → 标准 20×28)
04:27:51 [INFO   ]    ✅ '9' ← 9.png  (原始 12×21 → 标准 20×28)
04:27:51 [INFO   ]    ✅ '/' ← slash.png  (原始 12×21 → 标准 20×28)
04:27:51 [INFO   ] 
   已加载 11 个: ['/', '0', '1', '2', '3', '4', '5', '6', '7', '8', '9']
04:27:51 [INFO   ]    ✅ 0-9 和 / 全部就绪！
04:27:51 [INFO   ] 🔢 容量识别: 模板匹配

04:27:51 [INFO   ] 🔧 初始化 OCR...
04:27:52 [INFO   ] 🔧 初始化 DXCam (30 fps)...
04:27:52 [INFO   ] ✅ 截屏: 1920×1080
04:27:52 [INFO   ] 
✅ 就绪！按 F12 开始，ESC 退出

04:27:53 [INFO   ] 
==================================================
04:27:53 [INFO   ] ⏳ 2 秒后开始，请切回游戏...
04:27:56 [INFO   ] ✅ 游戏窗口句柄: 882042
04:27:56 [DEBUG  ] 交易行置信度: 1.000
04:27:56 [INFO   ] 🚀 确认在交易行，开始跳转...

04:27:56 [INFO   ] 
👉 [一级] 功能键 → 等'上架数量'  (第 1/3 次)
04:27:56 [DEBUG  ] 点击 (1850, 990)
04:27:56 [INFO   ]    ⏳ 等待 ['上架', '数量'] (超时 5.0s)...
04:27:56 [DEBUG  ] OCR: '上架数量：'
04:27:56 [INFO   ]    ✅ 识别到 '上架'  耗时 0.40s
04:27:57 [INFO   ] 
👉 [二级] 入口 → 等'角石'  (第 1/3 次)
04:27:57 [DEBUG  ] 点击 (1855, 269)
04:27:57 [INFO   ]    ⏳ 等待 ['角石'] (超时 5.0s)...
04:27:57 [DEBUG  ] OCR: '角石'
04:27:57 [INFO   ]    ✅ 识别到 '角石'  耗时 0.28s
04:27:58 [INFO   ] 
👉 [三级] 点击角石 (1730, 370)
04:27:58 [DEBUG  ] 点击 (1730, 370)
04:27:59 [INFO   ] 👉 [读取] 上架额度...
04:27:59 [DEBUG  ]   字符[0]: '0' (0.709)
04:27:59 [DEBUG  ]   字符[1]: '/' (0.825)
04:27:59 [DEBUG  ]   字符[2]: '1' (0.734)
04:27:59 [DEBUG  ]   字符[3]: '0' (0.732)
04:27:59 [INFO   ] 📐 模板识别: '0/10'  最低置信度: 0.709
04:27:59 [INFO   ] 
📊 额度: 0/10，剩余 10
04:27:59 [INFO   ] ✅ 开始上架（最多 10 个）...
04:27:59 [INFO   ] 💰 目标价格: 3199111

04:27:59 [DEBUG  ] 道具匹配置信度: 1.000
04:27:59 [INFO   ] [扫描] ✅ 找到道具 (1308, 329)
04:27:59 [DEBUG  ] 点击 (1308, 329)
04:27:59 [INFO   ]   点击道具 (1308, 329)
04:28:00 [DEBUG  ]   弹窗检测 #1: 相似度 0.1067
04:28:00 [INFO   ]   ✅ 弹窗已出现 (相似度 0.1067)
04:28:00 [ERROR  ]   ⛔ 写入剪贴板失败
04:28:00 [WARNING]   ⚠️ 连续失败 1/3
04:28:00 [DEBUG  ] 道具匹配置信度: 0.942
04:28:00 [INFO   ] [扫描] ✅ 找到道具 (1595, 329)
04:28:00 [DEBUG  ] 点击 (1595, 329)
04:28:00 [INFO   ]   点击道具 (1595, 329)
04:28:01 [DEBUG  ]   弹窗检测 #1: 相似度 1.0000
04:28:01 [DEBUG  ]   弹窗检测 #2: 相似度 1.0000
04:28:01 [DEBUG  ]   弹窗检测 #3: 相似度 1.0000
04:28:02 [DEBUG  ]   弹窗检测 #4: 相似度 1.0000
04:28:02 [DEBUG  ]   弹窗检测 #5: 相似度 1.0000
04:28:02 [DEBUG  ]   弹窗检测 #6: 相似度 1.0000
04:28:03 [DEBUG  ]   弹窗检测 #7: 相似度 1.0000
04:28:03 [DEBUG  ]   弹窗检测 #8: 相似度 1.0000
04:28:03 [DEBUG  ]   弹窗检测 #9: 相似度 1.0000
04:28:03 [DEBUG  ]   弹窗检测 #10: 相似度 1.0000
04:28:04 [WARNING]   ⚠️ 未检测到弹窗，跳过
04:28:04 [WARNING]   ⚠️ 连续失败 2/3
04:28:04 [DEBUG  ] 道具匹配置信度: 0.942
04:28:04 [INFO   ] [扫描] ✅ 找到道具 (1595, 329)
04:28:04 [DEBUG  ] 点击 (1595, 329)
04:28:04 [INFO   ]   点击道具 (1595, 329)
04:28:05 [DEBUG  ]   弹窗检测 #1: 相似度 1.0000
04:28:05 [DEBUG  ]   弹窗检测 #2: 相似度 1.0000
04:28:05 [DEBUG  ]   弹窗检测 #3: 相似度 1.0000
04:28:05 [DEBUG  ]   弹窗检测 #4: 相似度 1.0000
04:28:06 [DEBUG  ]   弹窗检测 #5: 相似度 1.0000
04:28:06 [DEBUG  ]   弹窗检测 #6: 相似度 1.0000
04:28:06 [DEBUG  ]   弹窗检测 #7: 相似度 1.0000
04:28:07 [DEBUG  ]   弹窗检测 #8: 相似度 1.0000
04:28:07 [DEBUG  ]   弹窗检测 #9: 相似度 1.0000
04:28:07 [DEBUG  ]   弹窗检测 #10: 相似度 1.0000
04:28:08 [WARNING]   ⚠️ 未检测到弹窗，跳过
04:28:08 [WARNING]   ⚠️ 连续失败 3/3
04:28:08 [INFO   ]   🔄 连续失败达上限，翻页跳过
04:28:09 [DEBUG  ] 道具匹配置信度: 0.942
04:28:09 [INFO   ] [扫描] ✅ 找到道具 (1595, 329)
04:28:10 [DEBUG  ] 点击 (1595, 329)
04:28:10 [INFO   ]   点击道具 (1595, 329)
04:28:10 [DEBUG  ]   弹窗检测 #1: 相似度 -0.2427
04:28:10 [INFO   ]   ✅ 弹窗已出现 (相似度 -0.2427)
04:28:10 [ERROR  ]   ⛔ 写入剪贴板失败
04:28:10 [WARNING]   ⚠️ 连续失败 1/3
04:28:10 [DEBUG  ] 道具匹配置信度: 0.942
04:28:10 [INFO   ] [扫描] ✅ 找到道具 (1595, 329)
04:28:10 [DEBUG  ] 点击 (1595, 329)
04:28:10 [INFO   ]   点击道具 (1595, 329)
04:28:11 [DEBUG  ]   弹窗检测 #1: 相似度 -0.0311
04:28:11 [INFO   ]   ✅ 弹窗已出现 (相似度 -0.0311)
04:28:11 [ERROR  ]   ⛔ 写入剪贴板失败
04:28:11 [WARNING]   ⚠️ 连续失败 2/3
04:28:11 [DEBUG  ] 道具匹配置信度: 0.942
04:28:11 [INFO   ] [扫描] ✅ 找到道具 (1595, 329)
04:28:11 [DEBUG  ] 点击 (1595, 329)
04:28:11 [INFO   ]   点击道具 (1595, 329)
04:28:12 [DEBUG  ]   弹窗检测 #1: 相似度 -0.2426
04:28:12 [INFO   ]   ✅ 弹窗已出现 (相似度 -0.2426)
04:28:12 [ERROR  ]   ⛔ 写入剪贴板失败
04:28:12 [WARNING]   ⚠️ 连续失败 3/3
04:28:12 [INFO   ]   🔄 连续失败达上限，翻页跳过
