05:18:07 [INFO   ] ==================================================
05:18:07 [INFO   ] 📦 上架脚本启动（合并版）
05:18:07 [INFO   ] 📄 日志: E:\桌面\GAMECL~1\上架\logs\run_20260325_051807.log
05:18:07 [INFO   ] 💰 当前目标价格: 3199111
05:18:07 [INFO   ] ✅ 分辨率校验通过: 1920×1080
05:18:07 [INFO   ] 📁 模板目录: E:\桌面\GAMECL~1\上架\logo\shangjia
05:18:07 [INFO   ]    找到 14 个 png: ['0.png', '1.png', '10.png', '2.png', '3.png', '4.png', '5.png', '6.png', '7.png', '8.png', '9.png', 'heikuang.png', 'pojiaoshi.png', 'slash.png']
05:18:07 [INFO   ]    ✅ '0' ← 0.png  (原始 10×19 → 标准 20×28)
05:18:07 [INFO   ]    ✅ '1' ← 1.png  (原始 11×19 → 标准 20×28)
05:18:07 [INFO   ]    ✅ '2' ← 2.png  (原始 12×20 → 标准 20×28)
05:18:07 [INFO   ]    ✅ '3' ← 3.png  (原始 12×20 → 标准 20×28)
05:18:07 [INFO   ]    ✅ '4' ← 4.png  (原始 13×20 → 标准 20×28)
05:18:07 [INFO   ]    ✅ '5' ← 5.png  (原始 11×20 → 标准 20×28)
05:18:07 [INFO   ]    ✅ '6' ← 6.png  (原始 12×21 → 标准 20×28)
05:18:07 [INFO   ]    ✅ '7' ← 7.png  (原始 13×20 → 标准 20×28)
05:18:07 [INFO   ]    ✅ '8' ← 8.png  (原始 11×20 → 标准 20×28)
05:18:07 [INFO   ]    ✅ '9' ← 9.png  (原始 12×21 → 标准 20×28)
05:18:07 [INFO   ]    ✅ '/' ← slash.png  (原始 12×21 → 标准 20×28)
05:18:07 [INFO   ] 
   已加载 11 个: ['/', '0', '1', '2', '3', '4', '5', '6', '7', '8', '9']
05:18:07 [INFO   ]    ✅ 0-9 和 / 全部就绪！
05:18:07 [INFO   ] 🔢 容量识别: 模板匹配

05:18:07 [INFO   ] 🔧 初始化 OCR...
05:18:07 [INFO   ] 🔧 初始化 DXCam (30 fps)...
05:18:07 [INFO   ] ✅ 截屏: 1920×1080
05:18:07 [INFO   ] 
✅ 就绪！按 F12 开始，ESC 退出

05:18:10 [INFO   ] 
==================================================
05:18:10 [INFO   ] ⏳ 2 秒后开始，请切回游戏...
05:18:12 [INFO   ] ✅ 游戏窗口句柄: 13397796
05:18:12 [DEBUG  ] 交易行置信度: 1.000
05:18:12 [INFO   ] 🚀 确认在交易行，开始跳转...

05:18:12 [INFO   ] 
👉 [一级] 功能键 → 等'上架数量'  (第 1/3 次)
05:18:13 [DEBUG  ] 点击 (1850, 990)
05:18:13 [INFO   ]    ⏳ 等待 ['上架', '数量'] (超时 5.0s)...
05:18:13 [DEBUG  ] OCR: '上架数量：'
05:18:13 [INFO   ]    ✅ 识别到 '上架'  耗时 0.42s
05:18:14 [INFO   ] 
👉 [二级] 入口 → 等'角石'  (第 1/3 次)
05:18:14 [DEBUG  ] 点击 (1855, 269)
05:18:14 [INFO   ]    ⏳ 等待 ['角石'] (超时 5.0s)...
05:18:15 [DEBUG  ] OCR: '角石'
05:18:15 [INFO   ]    ✅ 识别到 '角石'  耗时 0.29s
05:18:15 [INFO   ] 
👉 [三级] 点击角石 (1730, 370)
05:18:15 [DEBUG  ] 点击 (1730, 370)
05:18:16 [INFO   ] 👉 [读取] 上架额度...
05:18:16 [DEBUG  ]   字符[0]: '0' (0.709)
05:18:16 [DEBUG  ]   字符[1]: '/' (0.825)
05:18:16 [DEBUG  ]   字符[2]: '1' (0.734)
05:18:16 [DEBUG  ]   字符[3]: '0' (0.732)
05:18:16 [INFO   ] 📐 模板识别: '0/10'  最低置信度: 0.709
05:18:16 [INFO   ] 
📊 额度: 0/10，剩余 10
05:18:16 [INFO   ] ✅ 开始上架（最多 10 个）...

05:18:16 [INFO   ] 💰 目标价格: 3199111

05:18:16 [DEBUG  ] 道具匹配置信度: 1.000
05:18:16 [INFO   ] [扫描] ✅ 找到道具 (1308, 760)
05:18:16 [DEBUG  ] 点击 (1308, 760)
05:18:16 [INFO   ]   点击道具 (1308, 760)
05:18:17 [DEBUG  ]   弹窗检测 #1: 相似度 0.1055
05:18:17 [INFO   ]   ✅ 弹窗已出现 (相似度 0.1055)
05:18:17 [DEBUG  ] 点击 (1219, 736)
05:18:19 [INFO   ]   ✅ 价格验证通过（第1次）: 3199111
05:18:19 [DEBUG  ] 点击 (1466, 800)
05:18:19 [INFO   ]   ✅ 点击确定，上架完成
05:18:20 [INFO   ]   📦 累计上架: 1/10
05:18:20 [INFO   ]   ⏳ 等待 1.5s 补位...
05:18:22 [DEBUG  ] 道具匹配置信度: 0.980
05:18:22 [INFO   ] [扫描] ✅ 找到道具 (1308, 616)
05:18:22 [DEBUG  ] 点击 (1308, 616)
05:18:22 [INFO   ]   点击道具 (1308, 616)
05:18:22 [DEBUG  ]   弹窗检测 #1: 相似度 -0.0556
05:18:22 [INFO   ]   ✅ 弹窗已出现 (相似度 -0.0556)
05:18:23 [DEBUG  ] 点击 (1219, 736)
05:18:25 [INFO   ]   ✅ 价格验证通过（第1次）: 3199111
05:18:25 [DEBUG  ] 点击 (1466, 800)
05:18:25 [INFO   ]   ✅ 点击确定，上架完成
05:18:26 [INFO   ]   📦 累计上架: 2/10
05:18:26 [INFO   ]   ⏳ 等待 1.5s 补位...
05:18:27 [DEBUG  ] 道具匹配置信度: 0.974
05:18:27 [INFO   ] [扫描] ✅ 找到道具 (1451, 329)
05:18:28 [DEBUG  ] 点击 (1451, 329)
05:18:28 [INFO   ]   点击道具 (1451, 329)
05:18:28 [DEBUG  ]   弹窗检测 #1: 相似度 -0.0346
05:18:28 [INFO   ]   ✅ 弹窗已出现 (相似度 -0.0346)
05:18:28 [DEBUG  ] 点击 (1219, 736)
05:18:30 [INFO   ]   ✅ 价格验证通过（第1次）: 3199111
05:18:30 [DEBUG  ] 点击 (1466, 800)
05:18:30 [INFO   ]   ✅ 点击确定，上架完成
05:18:31 [INFO   ]   📦 累计上架: 3/10
05:18:31 [INFO   ]   ⏳ 等待 1.5s 补位...
05:18:33 [DEBUG  ] 道具匹配置信度: 0.980
05:18:33 [INFO   ] [扫描] ✅ 找到道具 (1308, 616)
05:18:33 [DEBUG  ] 点击 (1308, 616)
05:18:33 [INFO   ]   点击道具 (1308, 616)
05:18:33 [DEBUG  ]   弹窗检测 #1: 相似度 -0.0353
05:18:33 [INFO   ]   ✅ 弹窗已出现 (相似度 -0.0353)
05:18:34 [DEBUG  ] 点击 (1219, 736)
05:18:35 [INFO   ]   ✅ 价格验证通过（第1次）: 3199111
05:18:36 [DEBUG  ] 点击 (1466, 800)
05:18:36 [INFO   ]   ✅ 点击确定，上架完成
05:18:37 [INFO   ]   📦 累计上架: 4/10
05:18:37 [INFO   ]   ⏳ 等待 1.5s 补位...
05:18:38 [DEBUG  ] 道具匹配置信度: 0.974
05:18:38 [INFO   ] [扫描] ✅ 找到道具 (1451, 760)
05:18:38 [DEBUG  ] 点击 (1451, 760)
05:18:38 [INFO   ]   点击道具 (1451, 760)
05:18:39 [DEBUG  ]   弹窗检测 #1: 相似度 -0.0356
05:18:39 [INFO   ]   ✅ 弹窗已出现 (相似度 -0.0356)
05:18:39 [DEBUG  ] 点击 (1219, 736)
05:18:41 [INFO   ]   ✅ 价格验证通过（第1次）: 3199111
05:18:41 [DEBUG  ] 点击 (1466, 800)
05:18:41 [INFO   ]   ✅ 点击确定，上架完成
05:18:42 [INFO   ]   📦 累计上架: 5/10
05:18:42 [INFO   ]   ⏳ 等待 1.5s 补位...
05:18:44 [DEBUG  ] 道具匹配置信度: 0.974
05:18:44 [INFO   ] [扫描] ✅ 找到道具 (1595, 760)
05:18:44 [DEBUG  ] 点击 (1595, 760)
05:18:44 [INFO   ]   点击道具 (1595, 760)
05:18:44 [DEBUG  ]   弹窗检测 #1: 相似度 -0.0342
05:18:44 [INFO   ]   ✅ 弹窗已出现 (相似度 -0.0342)
05:18:45 [DEBUG  ] 点击 (1219, 736)
05:18:46 [INFO   ]   ✅ 价格验证通过（第1次）: 3199111
05:18:47 [DEBUG  ] 点击 (1466, 800)
05:18:47 [INFO   ]   ✅ 点击确定，上架完成
05:18:47 [INFO   ]   📦 累计上架: 6/10
05:18:47 [INFO   ]   ⏳ 等待 1.5s 补位...
05:18:49 [DEBUG  ] 道具匹配置信度: 0.403
05:18:49 [INFO   ] [扫描] 未找到道具，翻页...
05:18:50 [INFO   ] [翻页] 前后相似度: 1.0000
05:18:50 [INFO   ] [翻页] 疑似到底...
05:18:50 [INFO   ] [验证] 二次到底验证...
05:18:52 [DEBUG  ] 黑框匹配置信度: 0.175
05:18:52 [INFO   ] [验证] ❌ 非真到底
05:18:52 [DEBUG  ] 道具匹配置信度: 0.403
05:18:52 [INFO   ] [扫描] 未找到道具，翻页...
05:18:54 [INFO   ] [翻页] 前后相似度: 0.2392
05:18:54 [INFO   ] [翻页] 翻页成功
05:18:54 [DEBUG  ] 道具匹配置信度: 0.358
05:18:54 [INFO   ] [扫描] 未找到道具，翻页...
05:18:55 [INFO   ] [翻页] 前后相似度: 0.0250
05:18:55 [INFO   ] [翻页] 翻页成功
05:18:55 [DEBUG  ] 道具匹配置信度: 0.353
05:18:55 [INFO   ] [扫描] 未找到道具，翻页...
05:18:57 [INFO   ] [翻页] 前后相似度: 1.0000
05:18:57 [INFO   ] [翻页] 疑似到底...
05:18:57 [INFO   ] [验证] 二次到底验证...
05:18:58 [DEBUG  ] 黑框匹配置信度: 0.247
05:18:58 [INFO   ] [验证] ❌ 非真到底
05:18:58 [DEBUG  ] 道具匹配置信度: 0.353
05:18:58 [INFO   ] [扫描] 未找到道具，翻页...
05:19:00 [INFO   ] [翻页] 前后相似度: 0.2429
05:19:00 [INFO   ] [翻页] 翻页成功
05:19:00 [DEBUG  ] 道具匹配置信度: 0.382
05:19:00 [INFO   ] [扫描] 未找到道具，翻页...
05:19:01 [INFO   ] [翻页] 前后相似度: 0.2089
05:19:01 [INFO   ] [翻页] 翻页成功
05:19:01 [DEBUG  ] 道具匹配置信度: 0.353
05:19:01 [INFO   ] [扫描] 未找到道具，翻页...
05:19:03 [INFO   ] [翻页] 前后相似度: 1.0000
05:19:03 [INFO   ] [翻页] 疑似到底...
05:19:03 [INFO   ] [验证] 二次到底验证...
05:19:04 [DEBUG  ] 黑框匹配置信度: 0.247
05:19:04 [INFO   ] [验证] ❌ 非真到底
05:19:04 [DEBUG  ] 道具匹配置信度: 0.353
05:19:04 [INFO   ] [扫描] 未找到道具，翻页...
05:19:06 [INFO   ] [翻页] 前后相似度: 0.2399
05:19:06 [INFO   ] [翻页] 翻页成功
05:19:06 [DEBUG  ] 道具匹配置信度: 0.382
05:19:06 [INFO   ] [扫描] 未找到道具，翻页...
