04:16:31 [INFO   ] ==================================================
04:16:31 [INFO   ] 📦 上架脚本启动（合并版）
04:16:31 [INFO   ] 📄 日志: E:\桌面\GAMECL~1\上架\logs\run_20260325_041631.log
04:16:31 [INFO   ] 💰 当前目标价格: 3199111
04:16:31 [INFO   ] ✅ 分辨率校验通过: 1920×1080
04:16:31 [INFO   ] 📁 模板目录: E:\桌面\GAMECL~1\上架\logo\shangjia
04:16:31 [INFO   ]    找到 14 个 png: ['0.png', '1.png', '10.png', '2.png', '3.png', '4.png', '5.png', '6.png', '7.png', '8.png', '9.png', 'heikuang.png', 'pojiaoshi.png', 'slash.png']
04:16:31 [INFO   ]    ✅ '0' ← 0.png  (原始 10×19 → 标准 20×28)
04:16:31 [INFO   ]    ✅ '1' ← 1.png  (原始 11×19 → 标准 20×28)
04:16:31 [INFO   ]    ✅ '2' ← 2.png  (原始 12×20 → 标准 20×28)
04:16:31 [INFO   ]    ✅ '3' ← 3.png  (原始 12×20 → 标准 20×28)
04:16:31 [INFO   ]    ✅ '4' ← 4.png  (原始 13×20 → 标准 20×28)
04:16:31 [INFO   ]    ✅ '5' ← 5.png  (原始 11×20 → 标准 20×28)
04:16:31 [INFO   ]    ✅ '6' ← 6.png  (原始 12×21 → 标准 20×28)
04:16:31 [INFO   ]    ✅ '7' ← 7.png  (原始 13×20 → 标准 20×28)
04:16:31 [INFO   ]    ✅ '8' ← 8.png  (原始 11×20 → 标准 20×28)
04:16:31 [INFO   ]    ✅ '9' ← 9.png  (原始 12×21 → 标准 20×28)
04:16:31 [INFO   ]    ✅ '/' ← slash.png  (原始 12×21 → 标准 20×28)
04:16:31 [INFO   ] 
   已加载 11 个: ['/', '0', '1', '2', '3', '4', '5', '6', '7', '8', '9']
04:16:31 [INFO   ]    ✅ 0-9 和 / 全部就绪！
04:16:31 [INFO   ] 🔢 容量识别: 模板匹配

04:16:31 [INFO   ] 🔧 初始化 OCR...
04:16:31 [INFO   ] 🔧 初始化 DXCam (30 fps)...
04:16:32 [INFO   ] ✅ 截屏: 1920×1080
04:16:32 [INFO   ] 
✅ 就绪！按 F12 开始，ESC 退出

04:16:34 [INFO   ] 
==================================================
04:16:34 [INFO   ] ⏳ 2 秒后开始，请切回游戏...
04:16:36 [INFO   ] ✅ 游戏窗口句柄: 226384
04:16:36 [DEBUG  ] 交易行置信度: 1.000
04:16:36 [INFO   ] 🚀 确认在交易行，开始跳转...

04:16:36 [INFO   ] 
👉 [一级] 功能键 → 等'上架数量'  (第 1/3 次)
04:16:36 [DEBUG  ] 点击 (1850, 990)
04:16:36 [INFO   ]    ⏳ 等待 ['上架', '数量'] (超时 5.0s)...
04:16:37 [DEBUG  ] OCR: '上架数量：'
04:16:37 [INFO   ]    ✅ 识别到 '上架'  耗时 0.47s
04:16:37 [INFO   ] 
👉 [二级] 入口 → 等'角石'  (第 1/3 次)
04:16:37 [DEBUG  ] 点击 (1855, 269)
04:16:37 [INFO   ]    ⏳ 等待 ['角石'] (超时 5.0s)...
04:16:38 [DEBUG  ] OCR: '角石'
04:16:38 [INFO   ]    ✅ 识别到 '角石'  耗时 0.37s
04:16:38 [INFO   ] 
👉 [三级] 点击角石 (1730, 370)
04:16:39 [DEBUG  ] 点击 (1730, 370)
04:16:39 [INFO   ] 👉 [读取] 上架额度...
04:16:39 [DEBUG  ]   字符[0]: '0' (0.709)
04:16:39 [DEBUG  ]   字符[1]: '/' (0.825)
04:16:39 [DEBUG  ]   字符[2]: '1' (0.734)
04:16:39 [DEBUG  ]   字符[3]: '0' (0.732)
04:16:39 [INFO   ] 📐 模板识别: '0/10'  最低置信度: 0.709
04:16:39 [INFO   ] 
📊 额度: 0/10，剩余 10
04:16:39 [INFO   ] ✅ 开始上架（最多 10 个）...

04:16:39 [INFO   ] 💰 目标价格: 3199111

04:16:39 [DEBUG  ] 道具匹配置信度: 1.000
04:16:39 [INFO   ] [扫描] ✅ 找到道具 (1308, 329)
04:16:40 [DEBUG  ] 点击 (1308, 329)
04:16:40 [INFO   ]   点击道具 (1308, 329)
04:16:40 [DEBUG  ]   弹窗检测 #1: 相似度 0.1055
04:16:40 [INFO   ]   ✅ 弹窗已出现 (相似度 0.1055)
04:16:41 [DEBUG  ] 点击 (1219, 736)
04:16:42 [WARNING]   ❌ 价格验证失败（第1/3次）: 期望=3199111, 剪贴板原文='', 清洗后=''
04:16:42 [DEBUG  ] 点击 (1219, 736)
04:16:44 [WARNING]   ❌ 价格验证失败（第2/3次）: 期望=3199111, 剪贴板原文='', 清洗后=''
04:16:44 [DEBUG  ] 点击 (1219, 736)
04:16:46 [WARNING]   ❌ 价格验证失败（第3/3次）: 期望=3199111, 剪贴板原文='', 清洗后=''
04:16:46 [ERROR  ]   ⛔ 价格 3 次验证均失败，ESC 关闭弹窗
04:16:47 [WARNING]   ⚠️ 连续失败 1/3
04:16:47 [DEBUG  ] 道具匹配置信度: 0.942
04:16:47 [INFO   ] [扫描] ✅ 找到道具 (1595, 329)
04:16:47 [DEBUG  ] 点击 (1595, 329)
04:16:47 [INFO   ]   点击道具 (1595, 329)
04:16:47 [DEBUG  ]   弹窗检测 #1: 相似度 1.0000
04:16:48 [DEBUG  ]   弹窗检测 #2: 相似度 1.0000
04:16:48 [DEBUG  ]   弹窗检测 #3: 相似度 -0.1952
04:16:48 [INFO   ]   ✅ 弹窗已出现 (相似度 -0.1952)
04:16:48 [DEBUG  ] 点击 (1219, 736)
