00:53:24 [INFO   ] ==================================================
00:53:24 [INFO   ] 📦 脚本启动
00:53:24 [INFO   ] 📁 日志: E:\桌面\GAMECL~1\上架\logs\run_20260325_005324.log
00:53:24 [INFO   ] ✅ 分辨率校验通过: 1920×1080
00:53:24 [INFO   ] 📁 模板目录: E:\桌面\GAMECL~1\上架\logo\shangjia
00:53:24 [INFO   ]    找到 12 个 png: ['0.png', '1.png', '10.png', '2.png', '3.png', '4.png', '5.png', '6.png', '7.png', '8.png', '9.png', 'slash.png']
00:53:24 [INFO   ]    ✅ '0' ← 0.png  (原始 10×19 → 标准 20×28)
00:53:24 [INFO   ]    ✅ '1' ← 1.png  (原始 11×19 → 标准 20×28)
00:53:24 [DEBUG  ]    跳过未识别文件: 10.png
00:53:24 [INFO   ]    ✅ '2' ← 2.png  (原始 12×20 → 标准 20×28)
00:53:24 [INFO   ]    ✅ '3' ← 3.png  (原始 12×20 → 标准 20×28)
00:53:24 [INFO   ]    ✅ '4' ← 4.png  (原始 13×20 → 标准 20×28)
00:53:24 [INFO   ]    ✅ '5' ← 5.png  (原始 11×20 → 标准 20×28)
00:53:24 [INFO   ]    ✅ '6' ← 6.png  (原始 12×21 → 标准 20×28)
00:53:24 [INFO   ]    ✅ '7' ← 7.png  (原始 13×20 → 标准 20×28)
00:53:24 [INFO   ]    ✅ '8' ← 8.png  (原始 11×20 → 标准 20×28)
00:53:24 [INFO   ]    ✅ '9' ← 9.png  (原始 12×21 → 标准 20×28)
00:53:24 [INFO   ]    ✅ '/' ← slash.png  (原始 12×21 → 标准 20×28)
00:53:24 [INFO   ] 
   已加载 11 个: ['/', '0', '1', '2', '3', '4', '5', '6', '7', '8', '9']
00:53:24 [INFO   ]    ✅ 0-9 和 / 全部就绪！
00:53:24 [INFO   ] 🔢 容量识别模式: 模板匹配（高精度）

00:53:24 [INFO   ] 🔧 初始化 OCR 引擎...
00:53:25 [INFO   ] 🔧 初始化 DXCam (30 fps)...
00:53:25 [INFO   ] ✅ 截屏可用: 1920×1080
00:53:25 [INFO   ] ✅ 就绪！按 F12 开始，ESC 退出

00:53:29 [INFO   ] 
==================================================
00:53:29 [INFO   ] ⏳ 2 秒后开始，请切回游戏...
00:53:31 [INFO   ] ✅ 游戏窗口句柄: 609188
00:53:31 [DEBUG  ] 交易行置信度: 1.000
00:53:31 [INFO   ] 🚀 确认在交易行，开始跳转...

00:53:31 [INFO   ] 
👉 [一级] 功能键 → 等'上架数量'  (第 1/3 次)
00:53:31 [DEBUG  ] 点击 (1850, 990)
00:53:31 [INFO   ]    ⏳ 等待 ['上架', '数量'] (超时 5.0s)...
00:53:31 [DEBUG  ] OCR: '上架数量：'
00:53:31 [INFO   ]    ✅ 识别到 '上架'  耗时 0.40s
00:53:32 [INFO   ] 
👉 [二级] 入口 → 等'角石'  (第 1/3 次)
00:53:32 [DEBUG  ] 点击 (1855, 269)
00:53:32 [INFO   ]    ⏳ 等待 ['角石'] (超时 5.0s)...
00:53:33 [DEBUG  ] OCR: '角石'
00:53:33 [INFO   ]    ✅ 识别到 '角石'  耗时 0.29s
00:53:33 [INFO   ] 
👉 [三级] 点击角石 (1730, 370)
00:53:34 [DEBUG  ] 点击 (1730, 370)
00:53:34 [INFO   ] 👉 [读取] 上架额度...
00:53:34 [DEBUG  ]   字符[0]: '1' (置信度 0.536)
00:53:34 [DEBUG  ]   字符[1]: '0' (置信度 0.687)
00:53:34 [DEBUG  ]   字符[2]: '/' (置信度 0.816)
00:53:34 [DEBUG  ]   字符[3]: '1' (置信度 0.798)
00:53:34 [DEBUG  ]   字符[4]: '0' (置信度 0.731)
00:53:34 [INFO   ] 📐 模板识别结果: '10/10'  最低置信度: 0.536
00:53:34 [INFO   ] 
📊 额度: 10/10，剩余 0
00:53:34 [INFO   ] ⛔ 上限已满！
00:53:34 [INFO   ] ==================================================
00:53:34 [INFO   ] 🏁 日志: E:\桌面\GAMECL~1\上架\logs\run_20260325_005324.log
00:53:34 [INFO   ] 👉 F12 再次执行，ESC 退出

00:53:47 [INFO   ] 
==================================================
00:53:47 [INFO   ] ⏳ 2 秒后开始，请切回游戏...
00:53:49 [INFO   ] ✅ 游戏窗口句柄: 89008
00:53:49 [DEBUG  ] 交易行置信度: 1.000
00:53:49 [INFO   ] 🚀 确认在交易行，开始跳转...

00:53:49 [INFO   ] 
👉 [一级] 功能键 → 等'上架数量'  (第 1/3 次)
00:53:49 [DEBUG  ] 点击 (1850, 990)
00:53:49 [INFO   ]    ⏳ 等待 ['上架', '数量'] (超时 5.0s)...
00:53:49 [DEBUG  ] OCR: '上架数量：'
00:53:49 [INFO   ]    ✅ 识别到 '上架'  耗时 0.13s
00:53:50 [INFO   ] 
👉 [二级] 入口 → 等'角石'  (第 1/3 次)
00:53:50 [DEBUG  ] 点击 (1855, 269)
00:53:50 [INFO   ]    ⏳ 等待 ['角石'] (超时 5.0s)...
00:53:50 [DEBUG  ] OCR: '角石'
00:53:50 [INFO   ]    ✅ 识别到 '角石'  耗时 0.14s
00:53:51 [INFO   ] 
👉 [三级] 点击角石 (1730, 370)
00:53:51 [DEBUG  ] 点击 (1730, 370)
00:53:52 [INFO   ] 👉 [读取] 上架额度...
00:53:52 [DEBUG  ]   字符[0]: '9' (置信度 0.738)
00:53:52 [DEBUG  ]   字符[1]: '/' (置信度 0.825)
00:53:52 [DEBUG  ]   字符[2]: '1' (置信度 0.734)
00:53:52 [DEBUG  ]   字符[3]: '0' (置信度 0.732)
00:53:52 [INFO   ] 📐 模板识别结果: '9/10'  最低置信度: 0.732
00:53:52 [INFO   ] 
📊 额度: 9/10，剩余 1
00:53:52 [INFO   ] ✅ 还可上架 1 个
00:53:52 [INFO   ] ==================================================
00:53:52 [INFO   ] 🏁 日志: E:\桌面\GAMECL~1\上架\logs\run_20260325_005324.log
00:53:52 [INFO   ] 👉 F12 再次执行，ESC 退出

00:53:59 [INFO   ] 
==================================================
00:53:59 [INFO   ] ⏳ 2 秒后开始，请切回游戏...
00:54:01 [INFO   ] ✅ 游戏窗口句柄: 89008
00:54:01 [DEBUG  ] 交易行置信度: 1.000
00:54:01 [INFO   ] 🚀 确认在交易行，开始跳转...

00:54:01 [INFO   ] 
👉 [一级] 功能键 → 等'上架数量'  (第 1/3 次)
00:54:02 [DEBUG  ] 点击 (1850, 990)
00:54:02 [INFO   ]    ⏳ 等待 ['上架', '数量'] (超时 5.0s)...
00:54:02 [DEBUG  ] OCR: '上架数量：'
00:54:02 [INFO   ]    ✅ 识别到 '上架'  耗时 0.22s
00:54:02 [INFO   ] 
👉 [二级] 入口 → 等'角石'  (第 1/3 次)
00:54:03 [DEBUG  ] 点击 (1855, 269)
00:54:03 [INFO   ]    ⏳ 等待 ['角石'] (超时 5.0s)...
00:54:03 [DEBUG  ] OCR: '角石'
00:54:03 [INFO   ]    ✅ 识别到 '角石'  耗时 0.13s
00:54:04 [INFO   ] 
👉 [三级] 点击角石 (1730, 370)
00:54:04 [DEBUG  ] 点击 (1730, 370)
00:54:04 [INFO   ] 👉 [读取] 上架额度...
00:54:04 [DEBUG  ]   字符[0]: '8' (置信度 0.645)
00:54:04 [DEBUG  ]   字符[1]: '/' (置信度 0.825)
00:54:04 [DEBUG  ]   字符[2]: '1' (置信度 0.734)
00:54:04 [DEBUG  ]   字符[3]: '0' (置信度 0.732)
00:54:04 [INFO   ] 📐 模板识别结果: '8/10'  最低置信度: 0.645
00:54:04 [INFO   ] 
📊 额度: 8/10，剩余 2
00:54:04 [INFO   ] ✅ 还可上架 2 个
00:54:04 [INFO   ] ==================================================
00:54:04 [INFO   ] 🏁 日志: E:\桌面\GAMECL~1\上架\logs\run_20260325_005324.log
00:54:04 [INFO   ] 👉 F12 再次执行，ESC 退出

00:54:12 [INFO   ] 
==================================================
00:54:12 [INFO   ] ⏳ 2 秒后开始，请切回游戏...
00:54:14 [INFO   ] ✅ 游戏窗口句柄: 89008
00:54:14 [DEBUG  ] 交易行置信度: 1.000
00:54:14 [INFO   ] 🚀 确认在交易行，开始跳转...

00:54:14 [INFO   ] 
👉 [一级] 功能键 → 等'上架数量'  (第 1/3 次)
00:54:15 [DEBUG  ] 点击 (1850, 990)
00:54:15 [INFO   ]    ⏳ 等待 ['上架', '数量'] (超时 5.0s)...
00:54:15 [DEBUG  ] OCR: '上架数量：'
00:54:15 [INFO   ]    ✅ 识别到 '上架'  耗时 0.23s
00:54:15 [INFO   ] 
👉 [二级] 入口 → 等'角石'  (第 1/3 次)
00:54:16 [DEBUG  ] 点击 (1855, 269)
00:54:16 [INFO   ]    ⏳ 等待 ['角石'] (超时 5.0s)...
00:54:16 [DEBUG  ] OCR: '角石'
00:54:16 [INFO   ]    ✅ 识别到 '角石'  耗时 0.09s
00:54:16 [INFO   ] 
👉 [三级] 点击角石 (1730, 370)
00:54:17 [DEBUG  ] 点击 (1730, 370)
00:54:17 [INFO   ] 👉 [读取] 上架额度...
00:54:17 [DEBUG  ]   字符[0]: '7' (置信度 0.860)
00:54:17 [DEBUG  ]   字符[1]: '/' (置信度 0.819)
00:54:17 [DEBUG  ]   字符[2]: '1' (置信度 0.738)
00:54:17 [DEBUG  ]   字符[3]: '0' (置信度 0.733)
00:54:17 [INFO   ] 📐 模板识别结果: '7/10'  最低置信度: 0.733
00:54:17 [INFO   ] 
📊 额度: 7/10，剩余 3
00:54:17 [INFO   ] ✅ 还可上架 3 个
00:54:17 [INFO   ] ==================================================
00:54:17 [INFO   ] 🏁 日志: E:\桌面\GAMECL~1\上架\logs\run_20260325_005324.log
00:54:17 [INFO   ] 👉 F12 再次执行，ESC 退出

00:54:27 [INFO   ] 
==================================================
00:54:27 [INFO   ] ⏳ 2 秒后开始，请切回游戏...
00:54:29 [INFO   ] ✅ 游戏窗口句柄: 89008
00:54:29 [DEBUG  ] 交易行置信度: 1.000
00:54:29 [INFO   ] 🚀 确认在交易行，开始跳转...

00:54:29 [INFO   ] 
👉 [一级] 功能键 → 等'上架数量'  (第 1/3 次)
00:54:30 [DEBUG  ] 点击 (1850, 990)
00:54:30 [INFO   ]    ⏳ 等待 ['上架', '数量'] (超时 5.0s)...
00:54:30 [DEBUG  ] OCR: '上架数量：'
00:54:30 [INFO   ]    ✅ 识别到 '上架'  耗时 0.16s
00:54:30 [INFO   ] 
👉 [二级] 入口 → 等'角石'  (第 1/3 次)
00:54:31 [DEBUG  ] 点击 (1855, 269)
00:54:31 [INFO   ]    ⏳ 等待 ['角石'] (超时 5.0s)...
00:54:31 [DEBUG  ] OCR: '角石'
00:54:31 [INFO   ]    ✅ 识别到 '角石'  耗时 0.13s
00:54:31 [INFO   ] 
👉 [三级] 点击角石 (1730, 370)
00:54:32 [DEBUG  ] 点击 (1730, 370)
00:54:32 [INFO   ] 👉 [读取] 上架额度...
00:54:32 [DEBUG  ]   字符[0]: '6' (置信度 0.685)
00:54:32 [DEBUG  ]   字符[1]: '/' (置信度 0.851)
00:54:32 [DEBUG  ]   字符[2]: '1' (置信度 0.729)
00:54:32 [DEBUG  ]   字符[3]: '0' (置信度 0.732)
00:54:32 [INFO   ] 📐 模板识别结果: '6/10'  最低置信度: 0.685
00:54:32 [INFO   ] 
📊 额度: 6/10，剩余 4
00:54:32 [INFO   ] ✅ 还可上架 4 个
00:54:32 [INFO   ] ==================================================
00:54:32 [INFO   ] 🏁 日志: E:\桌面\GAMECL~1\上架\logs\run_20260325_005324.log
00:54:32 [INFO   ] 👉 F12 再次执行，ESC 退出

00:54:39 [INFO   ] 
==================================================
00:54:39 [INFO   ] ⏳ 2 秒后开始，请切回游戏...
00:54:41 [INFO   ] ✅ 游戏窗口句柄: 89008
00:54:41 [DEBUG  ] 交易行置信度: 1.000
00:54:41 [INFO   ] 🚀 确认在交易行，开始跳转...

00:54:41 [INFO   ] 
👉 [一级] 功能键 → 等'上架数量'  (第 1/3 次)
00:54:41 [DEBUG  ] 点击 (1850, 990)
00:54:41 [INFO   ]    ⏳ 等待 ['上架', '数量'] (超时 5.0s)...
00:54:41 [DEBUG  ] OCR: '上架数量：'
00:54:41 [INFO   ]    ✅ 识别到 '上架'  耗时 0.17s
00:54:42 [INFO   ] 
👉 [二级] 入口 → 等'角石'  (第 1/3 次)
00:54:42 [DEBUG  ] 点击 (1855, 269)
00:54:42 [INFO   ]    ⏳ 等待 ['角石'] (超时 5.0s)...
00:54:42 [DEBUG  ] OCR: '角石'
00:54:42 [INFO   ]    ✅ 识别到 '角石'  耗时 0.09s
00:54:43 [INFO   ] 
👉 [三级] 点击角石 (1730, 370)
00:54:43 [DEBUG  ] 点击 (1730, 370)
00:54:44 [INFO   ] 👉 [读取] 上架额度...
00:54:44 [DEBUG  ]   字符[0]: '5' (置信度 0.704)
00:54:44 [DEBUG  ]   字符[1]: '/' (置信度 0.824)
00:54:44 [DEBUG  ]   字符[2]: '1' (置信度 0.729)
00:54:44 [DEBUG  ]   字符[3]: '0' (置信度 0.732)
00:54:44 [INFO   ] 📐 模板识别结果: '5/10'  最低置信度: 0.704
00:54:44 [INFO   ] 
📊 额度: 5/10，剩余 5
00:54:44 [INFO   ] ✅ 还可上架 5 个
00:54:44 [INFO   ] ==================================================
00:54:44 [INFO   ] 🏁 日志: E:\桌面\GAMECL~1\上架\logs\run_20260325_005324.log
00:54:44 [INFO   ] 👉 F12 再次执行，ESC 退出

00:54:58 [INFO   ] 
==================================================
00:54:58 [INFO   ] ⏳ 2 秒后开始，请切回游戏...
00:55:00 [INFO   ] ✅ 游戏窗口句柄: 89008
00:55:00 [DEBUG  ] 交易行置信度: 1.000
00:55:00 [INFO   ] 🚀 确认在交易行，开始跳转...

00:55:00 [INFO   ] 
👉 [一级] 功能键 → 等'上架数量'  (第 1/3 次)
00:55:01 [DEBUG  ] 点击 (1850, 990)
00:55:01 [INFO   ]    ⏳ 等待 ['上架', '数量'] (超时 5.0s)...
00:55:01 [DEBUG  ] OCR: '上架数量：'
00:55:01 [INFO   ]    ✅ 识别到 '上架'  耗时 0.17s
00:55:01 [INFO   ] 
👉 [二级] 入口 → 等'角石'  (第 1/3 次)
00:55:02 [DEBUG  ] 点击 (1855, 269)
00:55:02 [INFO   ]    ⏳ 等待 ['角石'] (超时 5.0s)...
00:55:02 [DEBUG  ] OCR: '角石'
00:55:02 [INFO   ]    ✅ 识别到 '角石'  耗时 0.09s
00:55:02 [INFO   ] 
👉 [三级] 点击角石 (1730, 370)
00:55:03 [DEBUG  ] 点击 (1730, 370)
00:55:03 [INFO   ] 👉 [读取] 上架额度...
00:55:03 [DEBUG  ]   字符[0]: '4' (置信度 0.733)
00:55:03 [DEBUG  ]   字符[1]: '/' (置信度 0.824)
00:55:03 [DEBUG  ]   字符[2]: '1' (置信度 0.729)
00:55:03 [DEBUG  ]   字符[3]: '0' (置信度 0.732)
00:55:03 [INFO   ] 📐 模板识别结果: '4/10'  最低置信度: 0.729
00:55:03 [INFO   ] 
📊 额度: 4/10，剩余 6
00:55:03 [INFO   ] ✅ 还可上架 6 个
00:55:03 [INFO   ] ==================================================
00:55:03 [INFO   ] 🏁 日志: E:\桌面\GAMECL~1\上架\logs\run_20260325_005324.log
00:55:03 [INFO   ] 👉 F12 再次执行，ESC 退出

00:55:10 [INFO   ] 
==================================================
00:55:10 [INFO   ] ⏳ 2 秒后开始，请切回游戏...
00:55:12 [INFO   ] ✅ 游戏窗口句柄: 89008
00:55:12 [DEBUG  ] 交易行置信度: 1.000
00:55:12 [INFO   ] 🚀 确认在交易行，开始跳转...

00:55:12 [INFO   ] 
👉 [一级] 功能键 → 等'上架数量'  (第 1/3 次)
00:55:12 [DEBUG  ] 点击 (1850, 990)
00:55:12 [INFO   ]    ⏳ 等待 ['上架', '数量'] (超时 5.0s)...
00:55:12 [DEBUG  ] OCR: '上架数量：'
00:55:12 [INFO   ]    ✅ 识别到 '上架'  耗时 0.12s
00:55:13 [INFO   ] 
👉 [二级] 入口 → 等'角石'  (第 1/3 次)
00:55:13 [DEBUG  ] 点击 (1855, 269)
00:55:13 [INFO   ]    ⏳ 等待 ['角石'] (超时 5.0s)...
00:55:13 [DEBUG  ] OCR: '角石'
00:55:13 [INFO   ]    ✅ 识别到 '角石'  耗时 0.09s
00:55:14 [INFO   ] 
👉 [三级] 点击角石 (1730, 370)
00:55:14 [DEBUG  ] 点击 (1730, 370)
00:55:15 [INFO   ] 👉 [读取] 上架额度...
00:55:15 [DEBUG  ]   字符[0]: '3' (置信度 0.707)
00:55:15 [DEBUG  ]   字符[1]: '/' (置信度 0.851)
00:55:15 [DEBUG  ]   字符[2]: '1' (置信度 0.729)
00:55:15 [DEBUG  ]   字符[3]: '0' (置信度 0.732)
00:55:15 [INFO   ] 📐 模板识别结果: '3/10'  最低置信度: 0.707
00:55:15 [INFO   ] 
📊 额度: 3/10，剩余 7
00:55:15 [INFO   ] ✅ 还可上架 7 个
00:55:15 [INFO   ] ==================================================
00:55:15 [INFO   ] 🏁 日志: E:\桌面\GAMECL~1\上架\logs\run_20260325_005324.log
00:55:15 [INFO   ] 👉 F12 再次执行，ESC 退出

00:55:38 [INFO   ] 
==================================================
00:55:38 [INFO   ] ⏳ 2 秒后开始，请切回游戏...
00:55:40 [INFO   ] ✅ 游戏窗口句柄: 89008
00:55:40 [DEBUG  ] 交易行置信度: 0.252
00:55:40 [ERROR  ] ⛔ 不在交易行界面，中止
00:55:40 [INFO   ] ==================================================
00:55:40 [INFO   ] 🏁 日志: E:\桌面\GAMECL~1\上架\logs\run_20260325_005324.log
00:55:40 [INFO   ] 👉 F12 再次执行，ESC 退出

00:55:53 [INFO   ] 
==================================================
00:55:53 [INFO   ] ⏳ 2 秒后开始，请切回游戏...
00:55:55 [INFO   ] ✅ 游戏窗口句柄: 89008
00:55:55 [DEBUG  ] 交易行置信度: 1.000
00:55:55 [INFO   ] 🚀 确认在交易行，开始跳转...

00:55:55 [INFO   ] 
👉 [一级] 功能键 → 等'上架数量'  (第 1/3 次)
00:55:56 [DEBUG  ] 点击 (1850, 990)
00:55:56 [INFO   ]    ⏳ 等待 ['上架', '数量'] (超时 5.0s)...
00:55:56 [DEBUG  ] OCR: '上架数量：'
00:55:56 [INFO   ]    ✅ 识别到 '上架'  耗时 0.12s
00:55:57 [INFO   ] 
👉 [二级] 入口 → 等'角石'  (第 1/3 次)
00:55:57 [DEBUG  ] 点击 (1855, 269)
00:55:57 [INFO   ]    ⏳ 等待 ['角石'] (超时 5.0s)...
00:55:57 [DEBUG  ] OCR: '角石'
00:55:57 [INFO   ]    ✅ 识别到 '角石'  耗时 0.10s
00:55:58 [INFO   ] 
👉 [三级] 点击角石 (1730, 370)
00:55:58 [DEBUG  ] 点击 (1730, 370)
00:55:58 [INFO   ] 👉 [读取] 上架额度...
00:55:58 [DEBUG  ]   字符[0]: '2' (置信度 0.778)
00:55:58 [DEBUG  ]   字符[1]: '/' (置信度 0.824)
00:55:58 [DEBUG  ]   字符[2]: '1' (置信度 0.729)
00:55:58 [DEBUG  ]   字符[3]: '0' (置信度 0.732)
00:55:58 [INFO   ] 📐 模板识别结果: '2/10'  最低置信度: 0.729
00:55:58 [INFO   ] 
📊 额度: 2/10，剩余 8
00:55:58 [INFO   ] ✅ 还可上架 8 个
00:55:58 [INFO   ] ==================================================
00:55:58 [INFO   ] 🏁 日志: E:\桌面\GAMECL~1\上架\logs\run_20260325_005324.log
00:55:58 [INFO   ] 👉 F12 再次执行，ESC 退出

00:56:05 [INFO   ] 
==================================================
00:56:05 [INFO   ] ⏳ 2 秒后开始，请切回游戏...
00:56:07 [INFO   ] ✅ 游戏窗口句柄: 89008
00:56:07 [DEBUG  ] 交易行置信度: 1.000
00:56:07 [INFO   ] 🚀 确认在交易行，开始跳转...

00:56:07 [INFO   ] 
👉 [一级] 功能键 → 等'上架数量'  (第 1/3 次)
00:56:07 [DEBUG  ] 点击 (1850, 990)
00:56:07 [INFO   ]    ⏳ 等待 ['上架', '数量'] (超时 5.0s)...
00:56:07 [DEBUG  ] OCR: '上架数量：'
00:56:07 [INFO   ]    ✅ 识别到 '上架'  耗时 0.13s
00:56:08 [INFO   ] 
👉 [二级] 入口 → 等'角石'  (第 1/3 次)
00:56:08 [DEBUG  ] 点击 (1855, 269)
00:56:08 [INFO   ]    ⏳ 等待 ['角石'] (超时 5.0s)...
00:56:08 [DEBUG  ] OCR: '角石'
00:56:08 [INFO   ]    ✅ 识别到 '角石'  耗时 0.09s
00:56:09 [INFO   ] 
👉 [三级] 点击角石 (1730, 370)
00:56:09 [DEBUG  ] 点击 (1730, 370)
00:56:10 [INFO   ] 👉 [读取] 上架额度...
00:56:10 [DEBUG  ]   字符[0]: '1' (置信度 0.639)
00:56:10 [DEBUG  ]   字符[1]: '/' (置信度 0.829)
00:56:10 [DEBUG  ]   字符[2]: '1' (置信度 0.727)
00:56:10 [DEBUG  ]   字符[3]: '0' (置信度 0.737)
00:56:10 [INFO   ] 📐 模板识别结果: '1/10'  最低置信度: 0.639
00:56:10 [INFO   ] 
📊 额度: 1/10，剩余 9
00:56:10 [INFO   ] ✅ 还可上架 9 个
00:56:10 [INFO   ] ==================================================
00:56:10 [INFO   ] 🏁 日志: E:\桌面\GAMECL~1\上架\logs\run_20260325_005324.log
00:56:10 [INFO   ] 👉 F12 再次执行，ESC 退出

00:56:17 [INFO   ] 
==================================================
00:56:17 [INFO   ] ⏳ 2 秒后开始，请切回游戏...
00:56:19 [INFO   ] ✅ 游戏窗口句柄: 89008
00:56:19 [DEBUG  ] 交易行置信度: 1.000
00:56:19 [INFO   ] 🚀 确认在交易行，开始跳转...

00:56:19 [INFO   ] 
👉 [一级] 功能键 → 等'上架数量'  (第 1/3 次)
00:56:19 [DEBUG  ] 点击 (1850, 990)
00:56:19 [INFO   ]    ⏳ 等待 ['上架', '数量'] (超时 5.0s)...
00:56:19 [DEBUG  ] OCR: '上架数量：'
00:56:19 [INFO   ]    ✅ 识别到 '上架'  耗时 0.13s
00:56:20 [INFO   ] 
👉 [二级] 入口 → 等'角石'  (第 1/3 次)
00:56:20 [DEBUG  ] 点击 (1855, 269)
00:56:20 [INFO   ]    ⏳ 等待 ['角石'] (超时 5.0s)...
00:56:20 [DEBUG  ] OCR: '角石'
00:56:20 [INFO   ]    ✅ 识别到 '角石'  耗时 0.08s
00:56:21 [INFO   ] 
👉 [三级] 点击角石 (1730, 370)
00:56:21 [DEBUG  ] 点击 (1730, 370)
00:56:22 [INFO   ] 👉 [读取] 上架额度...
00:56:22 [DEBUG  ]   字符[0]: '0' (置信度 0.709)
00:56:22 [DEBUG  ]   字符[1]: '/' (置信度 0.825)
00:56:22 [DEBUG  ]   字符[2]: '1' (置信度 0.734)
00:56:22 [DEBUG  ]   字符[3]: '0' (置信度 0.732)
00:56:22 [INFO   ] 📐 模板识别结果: '0/10'  最低置信度: 0.709
00:56:22 [INFO   ] 
📊 额度: 0/10，剩余 10
00:56:22 [INFO   ] ✅ 还可上架 10 个
00:56:22 [INFO   ] ==================================================
00:56:22 [INFO   ] 🏁 日志: E:\桌面\GAMECL~1\上架\logs\run_20260325_005324.log
00:56:22 [INFO   ] 👉 F12 再次执行，ESC 退出

