05:11:12 [INFO   ] ==================================================
05:11:12 [INFO   ] 📦 上架脚本启动（合并版）
05:11:12 [INFO   ] 📄 日志: E:\桌面\GAMECL~1\上架\logs\run_20260325_051112.log
05:11:12 [INFO   ] 💰 当前目标价格: 3199111
05:11:12 [INFO   ] ✅ 分辨率校验通过: 1920×1080
05:11:12 [INFO   ] 📁 模板目录: E:\桌面\GAMECL~1\上架\logo\shangjia
05:11:12 [INFO   ]    找到 14 个 png: ['0.png', '1.png', '10.png', '2.png', '3.png', '4.png', '5.png', '6.png', '7.png', '8.png', '9.png', 'heikuang.png', 'pojiaoshi.png', 'slash.png']
05:11:12 [INFO   ]    ✅ '0' ← 0.png  (原始 10×19 → 标准 20×28)
05:11:12 [INFO   ]    ✅ '1' ← 1.png  (原始 11×19 → 标准 20×28)
05:11:12 [INFO   ]    ✅ '2' ← 2.png  (原始 12×20 → 标准 20×28)
05:11:12 [INFO   ]    ✅ '3' ← 3.png  (原始 12×20 → 标准 20×28)
05:11:12 [INFO   ]    ✅ '4' ← 4.png  (原始 13×20 → 标准 20×28)
05:11:12 [INFO   ]    ✅ '5' ← 5.png  (原始 11×20 → 标准 20×28)
05:11:12 [INFO   ]    ✅ '6' ← 6.png  (原始 12×21 → 标准 20×28)
05:11:12 [INFO   ]    ✅ '7' ← 7.png  (原始 13×20 → 标准 20×28)
05:11:12 [INFO   ]    ✅ '8' ← 8.png  (原始 11×20 → 标准 20×28)
05:11:12 [INFO   ]    ✅ '9' ← 9.png  (原始 12×21 → 标准 20×28)
05:11:12 [INFO   ]    ✅ '/' ← slash.png  (原始 12×21 → 标准 20×28)
05:11:12 [INFO   ] 
   已加载 11 个: ['/', '0', '1', '2', '3', '4', '5', '6', '7', '8', '9']
05:11:12 [INFO   ]    ✅ 0-9 和 / 全部就绪！
05:11:12 [INFO   ] 🔢 容量识别: 模板匹配

05:11:12 [INFO   ] 🔧 初始化 OCR...
05:11:13 [INFO   ] 🔧 初始化 DXCam (30 fps)...
05:11:13 [INFO   ] ✅ 截屏: 1920×1080
05:11:13 [INFO   ] 
✅ 就绪！按 F12 开始，ESC 退出

05:11:18 [INFO   ] 
==================================================
05:11:18 [INFO   ] ⏳ 2 秒后开始，请切回游戏...
05:11:20 [INFO   ] ✅ 游戏窗口句柄: 89008
05:11:20 [DEBUG  ] 交易行置信度: 1.000
05:11:20 [INFO   ] 🚀 确认在交易行，开始跳转...

05:11:20 [INFO   ] 
👉 [一级] 功能键 → 等'上架数量'  (第 1/3 次)
05:11:20 [DEBUG  ] 点击 (1850, 990)
05:11:20 [INFO   ]    ⏳ 等待 ['上架', '数量'] (超时 5.0s)...
05:11:20 [DEBUG  ] OCR: '上架数量：'
05:11:20 [INFO   ]    ✅ 识别到 '上架'  耗时 0.51s
05:11:21 [INFO   ] 
👉 [二级] 入口 → 等'角石'  (第 1/3 次)
05:11:21 [DEBUG  ] 点击 (1855, 269)
05:11:21 [INFO   ]    ⏳ 等待 ['角石'] (超时 5.0s)...
05:11:22 [DEBUG  ] OCR: '角石'
05:11:22 [INFO   ]    ✅ 识别到 '角石'  耗时 0.34s
05:11:22 [INFO   ] 
👉 [三级] 点击角石 (1730, 370)
05:11:23 [DEBUG  ] 点击 (1730, 370)
05:11:23 [INFO   ] 👉 [读取] 上架额度...
05:11:23 [DEBUG  ]   字符[0]: '0' (0.709)
05:11:23 [DEBUG  ]   字符[1]: '/' (0.825)
05:11:23 [DEBUG  ]   字符[2]: '1' (0.734)
05:11:23 [DEBUG  ]   字符[3]: '0' (0.732)
05:11:23 [INFO   ] 📐 模板识别: '0/10'  最低置信度: 0.709
05:11:23 [INFO   ] 
📊 额度: 0/10，剩余 10
05:11:23 [INFO   ] ✅ 开始上架（最多 10 个）...

05:11:23 [INFO   ] 💰 目标价格: 3199111

05:11:23 [DEBUG  ] 道具匹配置信度: 1.000
05:11:23 [INFO   ] [扫描] ✅ 找到道具 (1308, 760)
05:11:23 [DEBUG  ] 点击 (1308, 760)
05:11:23 [INFO   ]   点击道具 (1308, 760)
05:11:24 [DEBUG  ]   弹窗检测 #1: 相似度 0.1055
05:11:24 [INFO   ]   ✅ 弹窗已出现 (相似度 0.1055)
05:11:24 [DEBUG  ] 点击 (1219, 736)
05:11:26 [INFO   ]   ✅ 价格验证通过（第1次）: 3199111
05:11:26 [DEBUG  ] 点击 (1466, 800)
05:11:26 [INFO   ]   ✅ 点击确定，上架完成
05:11:27 [INFO   ]   📦 累计上架: 1/10
05:11:27 [INFO   ]   ⏳ 等待 1.5s 补位...
05:11:29 [DEBUG  ] 道具匹配置信度: 0.980
05:11:29 [INFO   ] [扫描] ✅ 找到道具 (1308, 616)
05:11:29 [DEBUG  ] 点击 (1308, 616)
05:11:29 [INFO   ]   点击道具 (1308, 616)
05:11:29 [DEBUG  ]   弹窗检测 #1: 相似度 -0.0559
05:11:29 [INFO   ]   ✅ 弹窗已出现 (相似度 -0.0559)
05:11:30 [DEBUG  ] 点击 (1219, 736)
05:11:31 [INFO   ]   ✅ 价格验证通过（第1次）: 3199111
05:11:32 [DEBUG  ] 点击 (1466, 800)
05:11:32 [INFO   ]   ✅ 点击确定，上架完成
05:11:32 [INFO   ]   📦 累计上架: 2/10
05:11:32 [INFO   ]   ⏳ 等待 1.5s 补位...
05:11:34 [DEBUG  ] 道具匹配置信度: 0.974
05:11:34 [INFO   ] [扫描] ✅ 找到道具 (1451, 329)
05:11:34 [DEBUG  ] 点击 (1451, 329)
05:11:34 [INFO   ]   点击道具 (1451, 329)
05:11:35 [DEBUG  ]   弹窗检测 #1: 相似度 -0.0335
05:11:35 [INFO   ]   ✅ 弹窗已出现 (相似度 -0.0335)
05:11:35 [DEBUG  ] 点击 (1219, 736)
05:11:37 [INFO   ]   ✅ 价格验证通过（第1次）: 3199111
05:11:37 [DEBUG  ] 点击 (1466, 800)
05:11:37 [INFO   ]   ✅ 点击确定，上架完成
05:11:38 [INFO   ]   📦 累计上架: 3/10
05:11:38 [INFO   ]   ⏳ 等待 1.5s 补位...
05:11:39 [DEBUG  ] 道具匹配置信度: 0.980
05:11:39 [INFO   ] [扫描] ✅ 找到道具 (1308, 616)
05:11:40 [DEBUG  ] 点击 (1308, 616)
05:11:40 [INFO   ]   点击道具 (1308, 616)
05:11:40 [DEBUG  ]   弹窗检测 #1: 相似度 -0.0344
05:11:40 [INFO   ]   ✅ 弹窗已出现 (相似度 -0.0344)
05:11:41 [DEBUG  ] 点击 (1219, 736)
05:11:42 [INFO   ]   ✅ 价格验证通过（第1次）: 3199111
05:11:43 [DEBUG  ] 点击 (1466, 800)
05:11:43 [INFO   ]   ✅ 点击确定，上架完成
05:11:43 [INFO   ]   📦 累计上架: 4/10
05:11:43 [INFO   ]   ⏳ 等待 1.5s 补位...
05:11:45 [DEBUG  ] 道具匹配置信度: 0.974
05:11:45 [INFO   ] [扫描] ✅ 找到道具 (1451, 760)
05:11:45 [DEBUG  ] 点击 (1451, 760)
05:11:45 [INFO   ]   点击道具 (1451, 760)
05:11:46 [DEBUG  ]   弹窗检测 #1: 相似度 -0.0355
05:11:46 [INFO   ]   ✅ 弹窗已出现 (相似度 -0.0355)
05:11:46 [DEBUG  ] 点击 (1219, 736)
05:11:48 [INFO   ]   ✅ 价格验证通过（第1次）: 3199111
05:11:48 [DEBUG  ] 点击 (1466, 800)
05:11:48 [INFO   ]   ✅ 点击确定，上架完成
05:11:49 [INFO   ]   📦 累计上架: 5/10
05:11:49 [INFO   ]   ⏳ 等待 1.5s 补位...
05:11:50 [DEBUG  ] 道具匹配置信度: 0.974
05:11:50 [INFO   ] [扫描] ✅ 找到道具 (1595, 760)
05:11:51 [DEBUG  ] 点击 (1595, 760)
05:11:51 [INFO   ]   点击道具 (1595, 760)
05:11:51 [DEBUG  ]   弹窗检测 #1: 相似度 -0.0353
05:11:51 [INFO   ]   ✅ 弹窗已出现 (相似度 -0.0353)
05:11:51 [DEBUG  ] 点击 (1219, 736)
05:11:53 [INFO   ]   ✅ 价格验证通过（第1次）: 3199111
05:11:53 [DEBUG  ] 点击 (1466, 800)
05:11:53 [INFO   ]   ✅ 点击确定，上架完成
05:11:54 [INFO   ]   📦 累计上架: 6/10
05:11:54 [INFO   ]   ⏳ 等待 1.5s 补位...
05:11:56 [DEBUG  ] 道具匹配置信度: 0.974
05:11:56 [INFO   ] [扫描] ✅ 找到道具 (1595, 760)
05:11:56 [DEBUG  ] 点击 (1595, 760)
05:11:56 [INFO   ]   点击道具 (1595, 760)
05:11:57 [DEBUG  ]   弹窗检测 #1: 相似度 -0.0348
05:11:57 [INFO   ]   ✅ 弹窗已出现 (相似度 -0.0348)
05:11:57 [DEBUG  ] 点击 (1219, 736)
05:11:59 [INFO   ]   ✅ 价格验证通过（第1次）: 3199111
05:11:59 [DEBUG  ] 点击 (1466, 800)
05:11:59 [INFO   ]   ✅ 点击确定，上架完成
05:12:00 [INFO   ]   📦 累计上架: 7/10
05:12:00 [INFO   ]   ⏳ 等待 1.5s 补位...
05:12:01 [DEBUG  ] 道具匹配置信度: 0.974
05:12:01 [INFO   ] [扫描] ✅ 找到道具 (1595, 760)
05:12:02 [DEBUG  ] 点击 (1595, 760)
05:12:02 [INFO   ]   点击道具 (1595, 760)
05:12:02 [DEBUG  ]   弹窗检测 #1: 相似度 -0.0346
05:12:02 [INFO   ]   ✅ 弹窗已出现 (相似度 -0.0346)
05:12:02 [DEBUG  ] 点击 (1219, 736)
05:12:04 [INFO   ]   ✅ 价格验证通过（第1次）: 3199111
05:12:04 [DEBUG  ] 点击 (1466, 800)
05:12:04 [INFO   ]   ✅ 点击确定，上架完成
05:12:05 [INFO   ]   📦 累计上架: 8/10
05:12:05 [INFO   ]   ⏳ 等待 1.5s 补位...
05:12:07 [DEBUG  ] 道具匹配置信度: 0.629
05:12:07 [INFO   ] [扫描] 未找到道具，翻页...
05:12:08 [INFO   ] [翻页] 前后相似度: 0.7117
05:12:08 [INFO   ] [翻页] 翻页成功
05:12:08 [DEBUG  ] 道具匹配置信度: 1.000
05:12:08 [INFO   ] [扫描] ✅ 找到道具 (1308, 249)
05:12:09 [DEBUG  ] 点击 (1308, 249)
05:12:09 [INFO   ]   点击道具 (1308, 249)
05:12:09 [DEBUG  ]   弹窗检测 #1: 相似度 -0.0341
05:12:09 [INFO   ]   ✅ 弹窗已出现 (相似度 -0.0341)
05:12:09 [DEBUG  ] 点击 (1219, 736)
05:12:11 [INFO   ]   ✅ 价格验证通过（第1次）: 3199111
05:12:11 [DEBUG  ] 点击 (1466, 800)
05:12:11 [INFO   ]   ✅ 点击确定，上架完成
05:12:12 [INFO   ]   📦 累计上架: 9/10
05:12:12 [INFO   ]   ⏳ 等待 1.5s 补位...
05:12:14 [DEBUG  ] 道具匹配置信度: 1.000
05:12:14 [INFO   ] [扫描] ✅ 找到道具 (1308, 681)
05:12:14 [DEBUG  ] 点击 (1308, 681)
05:12:14 [INFO   ]   点击道具 (1308, 681)
05:12:14 [DEBUG  ]   弹窗检测 #1: 相似度 -0.0355
05:12:14 [INFO   ]   ✅ 弹窗已出现 (相似度 -0.0355)
05:12:15 [DEBUG  ] 点击 (1219, 736)
05:12:16 [INFO   ]   ✅ 价格验证通过（第1次）: 3199111
05:12:17 [DEBUG  ] 点击 (1466, 800)
05:12:17 [INFO   ]   ✅ 点击确定，上架完成
05:12:18 [INFO   ]   📦 累计上架: 10/10
05:12:18 [INFO   ]   ⏳ 等待 1.5s 补位...
05:12:19 [INFO   ] 
==================================================
05:12:19 [INFO   ] 🏁 完成！本次上架 10 个
05:12:19 [INFO   ] ==================================================
05:12:19 [INFO   ] 📄 日志: E:\桌面\GAMECL~1\上架\logs\run_20260325_051112.log
05:12:19 [INFO   ] 👉 F12 再次执行，ESC 退出

