23:56:13 [INFO   ] ==================================================
23:56:13 [INFO   ] 📦 脚本启动
23:56:13 [INFO   ] 📁 日志文件: E:\桌面\GAMECL~1\上架\logs\run_20260324_235613.log
23:56:13 [INFO   ] ✅ 分辨率校验通过: 1920×1080
23:56:13 [INFO   ] 🔧 初始化 OCR 引擎...
23:56:13 [INFO   ] 🔧 初始化 DXCam (目标帧率: 30)...
23:56:13 [INFO   ] ✅ 截屏可用，画面尺寸: 1920×1080
23:56:13 [INFO   ] ✅ 初始化完成！按 F12 开始，按 ESC 退出

23:56:20 [INFO   ] 
==================================================
23:56:20 [INFO   ] ⏳ 收到 F12，2 秒后开始执行，请切回游戏窗口...
23:56:22 [INFO   ] ✅ 已捕获游戏窗口句柄: 147674
23:56:22 [DEBUG  ] 交易行模板匹配置信度: 1.000
23:56:22 [INFO   ] 🚀 确认在交易行，开始三级跳转...

23:56:22 [INFO   ] 
👉 [一级] 点击功能键 → 等'上架数量'  (第 1/3 次)
23:56:22 [DEBUG  ] 点击 (1850, 990)
23:56:22 [INFO   ]    ⏳ 等待文字 ['上架', '数量'] (超时 5.0s)...
23:56:22 [DEBUG  ] OCR 原始输出: '上架数量：' (number_mode=False)
23:56:22 [INFO   ]    ✅ 识别到 '上架'  完整文本='上架数量：'  耗时 0.41s
23:56:23 [INFO   ] 
👉 [二级] 点击入口 → 等'角石'  (第 1/3 次)
23:56:23 [DEBUG  ] 点击 (1855, 269)
23:56:23 [INFO   ]    ⏳ 等待文字 ['角石'] (超时 5.0s)...
23:56:24 [DEBUG  ] OCR 原始输出: '角石' (number_mode=False)
23:56:24 [INFO   ]    ✅ 识别到 '角石'  完整文本='角石'  耗时 0.32s
23:56:24 [INFO   ] 
👉 [三级] 点击角石进入背包 (1730, 370)
23:56:24 [DEBUG  ] 点击 (1730, 370)
23:56:25 [INFO   ] 👉 [解析] 读取上架额度...
23:56:25 [DEBUG  ] OCR 原始输出: '10/10' (number_mode=True)
23:56:25 [DEBUG  ] 额度 OCR 原始: '10/10' (第 1 次)
23:56:25 [DEBUG  ] 容量清洗后: '10/10' → '10/10'
23:56:25 [INFO   ] 
📊 额度: 已上架 10/10，剩余 0
23:56:26 [INFO   ] ⛔ 上限已满！
23:56:26 [INFO   ] ==================================================
23:56:26 [INFO   ] 🏁 本轮结束。日志: E:\桌面\GAMECL~1\上架\logs\run_20260324_235613.log
23:56:26 [INFO   ] 👉 按 F12 再次执行，按 ESC 退出程序

23:56:40 [INFO   ] 
==================================================
23:56:40 [INFO   ] ⏳ 收到 F12，2 秒后开始执行，请切回游戏窗口...
23:56:42 [INFO   ] ✅ 已捕获游戏窗口句柄: 53498648
23:56:42 [DEBUG  ] 交易行模板匹配置信度: 1.000
23:56:42 [INFO   ] 🚀 确认在交易行，开始三级跳转...

23:56:42 [INFO   ] 
👉 [一级] 点击功能键 → 等'上架数量'  (第 1/3 次)
23:56:43 [DEBUG  ] 点击 (1850, 990)
23:56:43 [INFO   ]    ⏳ 等待文字 ['上架', '数量'] (超时 5.0s)...
23:56:43 [DEBUG  ] OCR 原始输出: '上架数量：' (number_mode=False)
23:56:43 [INFO   ]    ✅ 识别到 '上架'  完整文本='上架数量：'  耗时 0.16s
23:56:43 [INFO   ] 
👉 [二级] 点击入口 → 等'角石'  (第 1/3 次)
23:56:44 [DEBUG  ] 点击 (1855, 269)
23:56:44 [INFO   ]    ⏳ 等待文字 ['角石'] (超时 5.0s)...
23:56:44 [DEBUG  ] OCR 原始输出: '角石' (number_mode=False)
23:56:44 [INFO   ]    ✅ 识别到 '角石'  完整文本='角石'  耗时 0.14s
23:56:44 [INFO   ] 
👉 [三级] 点击角石进入背包 (1730, 370)
23:56:45 [DEBUG  ] 点击 (1730, 370)
23:56:45 [INFO   ] 👉 [解析] 读取上架额度...
23:56:46 [DEBUG  ] OCR 原始输出: '/6' (number_mode=True)
23:56:46 [DEBUG  ] 额度 OCR 原始: '/6' (第 1 次)
23:56:46 [DEBUG  ] 容量清洗后: '/6' → '/6'
23:56:46 [WARNING] 容量解析(仅分子): 只识别到 '6'，假设总量 10
23:56:46 [INFO   ] 
📊 额度: 已上架 6/10，剩余 4
23:56:46 [INFO   ] ✅ 额度充足，还可上架 4 个
23:56:46 [INFO   ] ==================================================
23:56:46 [INFO   ] 🏁 本轮结束。日志: E:\桌面\GAMECL~1\上架\logs\run_20260324_235613.log
23:56:46 [INFO   ] 👉 按 F12 再次执行，按 ESC 退出程序

