04:32:59 [INFO   ] ==================================================
04:32:59 [INFO   ] 📦 上架脚本启动（合并版）
04:32:59 [INFO   ] 📄 日志: E:\桌面\GAMECL~1\上架\logs\run_20260325_043259.log
04:32:59 [INFO   ] 💰 当前目标价格: 3199111
04:32:59 [INFO   ] ✅ 分辨率校验通过: 1920×1080
04:32:59 [INFO   ] 📁 模板目录: E:\桌面\GAMECL~1\上架\logo\shangjia
04:32:59 [INFO   ]    找到 14 个 png: ['0.png', '1.png', '10.png', '2.png', '3.png', '4.png', '5.png', '6.png', '7.png', '8.png', '9.png', 'heikuang.png', 'pojiaoshi.png', 'slash.png']
04:32:59 [INFO   ]    ✅ '0' ← 0.png  (原始 10×19 → 标准 20×28)
04:32:59 [INFO   ]    ✅ '1' ← 1.png  (原始 11×19 → 标准 20×28)
04:32:59 [INFO   ]    ✅ '2' ← 2.png  (原始 12×20 → 标准 20×28)
04:32:59 [INFO   ]    ✅ '3' ← 3.png  (原始 12×20 → 标准 20×28)
04:32:59 [INFO   ]    ✅ '4' ← 4.png  (原始 13×20 → 标准 20×28)
04:32:59 [INFO   ]    ✅ '5' ← 5.png  (原始 11×20 → 标准 20×28)
04:32:59 [INFO   ]    ✅ '6' ← 6.png  (原始 12×21 → 标准 20×28)
04:32:59 [INFO   ]    ✅ '7' ← 7.png  (原始 13×20 → 标准 20×28)
04:32:59 [INFO   ]    ✅ '8' ← 8.png  (原始 11×20 → 标准 20×28)
04:32:59 [INFO   ]    ✅ '9' ← 9.png  (原始 12×21 → 标准 20×28)
04:32:59 [INFO   ]    ✅ '/' ← slash.png  (原始 12×21 → 标准 20×28)
04:32:59 [INFO   ] 
   已加载 11 个: ['/', '0', '1', '2', '3', '4', '5', '6', '7', '8', '9']
04:32:59 [INFO   ]    ✅ 0-9 和 / 全部就绪！
04:32:59 [INFO   ] 🔢 容量识别: 模板匹配

04:32:59 [INFO   ] 🔧 初始化 OCR...
04:32:59 [INFO   ] 🔧 初始化 DXCam (30 fps)...
04:33:00 [INFO   ] ✅ 截屏: 1920×1080
04:33:00 [INFO   ] 
✅ 就绪！按 F12 开始，ESC 退出

04:33:02 [INFO   ] 
==================================================
04:33:02 [INFO   ] ⏳ 2 秒后开始，请切回游戏...
04:33:04 [INFO   ] ✅ 游戏窗口句柄: 89008
04:33:04 [DEBUG  ] 交易行置信度: 1.000
04:33:04 [INFO   ] 🚀 确认在交易行，开始跳转...

04:33:04 [INFO   ] 
👉 [一级] 功能键 → 等'上架数量'  (第 1/3 次)
04:33:05 [DEBUG  ] 点击 (1850, 990)
04:33:05 [INFO   ]    ⏳ 等待 ['上架', '数量'] (超时 5.0s)...
04:33:05 [DEBUG  ] OCR: '上架数量：'
04:33:05 [INFO   ]    ✅ 识别到 '上架'  耗时 0.51s
04:33:06 [INFO   ] 
👉 [二级] 入口 → 等'角石'  (第 1/3 次)
04:33:06 [DEBUG  ] 点击 (1855, 269)
04:33:06 [INFO   ]    ⏳ 等待 ['角石'] (超时 5.0s)...
04:33:06 [DEBUG  ] OCR: '角石'
04:33:06 [INFO   ]    ✅ 识别到 '角石'  耗时 0.35s
04:33:07 [INFO   ] 
👉 [三级] 点击角石 (1730, 370)
04:33:07 [DEBUG  ] 点击 (1730, 370)
04:33:08 [INFO   ] 👉 [读取] 上架额度...
04:33:08 [DEBUG  ]   字符[0]: '0' (0.709)
04:33:08 [DEBUG  ]   字符[1]: '/' (0.825)
04:33:08 [DEBUG  ]   字符[2]: '1' (0.734)
04:33:08 [DEBUG  ]   字符[3]: '0' (0.732)
04:33:08 [INFO   ] 📐 模板识别: '0/10'  最低置信度: 0.709
04:33:08 [INFO   ] 
📊 额度: 0/10，剩余 10
04:33:08 [INFO   ] ✅ 开始上架（最多 10 个）...
04:33:08 [INFO   ] 💰 目标价格: 3199111

04:33:08 [DEBUG  ] 道具匹配置信度: 1.000
04:33:08 [INFO   ] [扫描] ✅ 找到道具 (1308, 329)
04:33:08 [DEBUG  ] 点击 (1308, 329)
04:33:08 [INFO   ]   点击道具 (1308, 329)
04:33:09 [DEBUG  ]   弹窗检测 #1: 相似度 0.1057
04:33:09 [INFO   ]   ✅ 弹窗已出现 (相似度 0.1057)
04:33:09 [ERROR  ]   ⛔ 写入剪贴板失败
04:33:09 [WARNING]   ⚠️ 连续失败 1/3
04:33:09 [DEBUG  ] 道具匹配置信度: 0.942
04:33:09 [INFO   ] [扫描] ✅ 找到道具 (1595, 329)
04:33:09 [DEBUG  ] 点击 (1595, 329)
04:33:09 [INFO   ]   点击道具 (1595, 329)
04:33:09 [DEBUG  ]   弹窗检测 #1: 相似度 1.0000
04:33:10 [DEBUG  ]   弹窗检测 #2: 相似度 1.0000
04:33:10 [DEBUG  ]   弹窗检测 #3: 相似度 1.0000
04:33:10 [DEBUG  ]   弹窗检测 #4: 相似度 1.0000
04:33:11 [DEBUG  ]   弹窗检测 #5: 相似度 1.0000
04:33:11 [DEBUG  ]   弹窗检测 #6: 相似度 1.0000
04:33:11 [DEBUG  ]   弹窗检测 #7: 相似度 1.0000
04:33:12 [DEBUG  ]   弹窗检测 #8: 相似度 1.0000
04:33:12 [DEBUG  ]   弹窗检测 #9: 相似度 1.0000
04:33:12 [DEBUG  ]   弹窗检测 #10: 相似度 1.0000
04:33:13 [WARNING]   ⚠️ 未检测到弹窗，跳过
04:33:13 [WARNING]   ⚠️ 连续失败 2/3
04:33:13 [DEBUG  ] 道具匹配置信度: 0.942
04:33:13 [INFO   ] [扫描] ✅ 找到道具 (1595, 329)
04:33:13 [DEBUG  ] 点击 (1595, 329)
04:33:13 [INFO   ]   点击道具 (1595, 329)
04:33:13 [DEBUG  ]   弹窗检测 #1: 相似度 1.0000
04:33:14 [DEBUG  ]   弹窗检测 #2: 相似度 1.0000
04:33:14 [DEBUG  ]   弹窗检测 #3: 相似度 0.9999
04:33:14 [DEBUG  ]   弹窗检测 #4: 相似度 0.9999
04:33:15 [DEBUG  ]   弹窗检测 #5: 相似度 0.9999
04:33:15 [DEBUG  ]   弹窗检测 #6: 相似度 0.9999
04:33:15 [DEBUG  ]   弹窗检测 #7: 相似度 0.9999
04:33:15 [DEBUG  ]   弹窗检测 #8: 相似度 0.9999
04:33:16 [DEBUG  ]   弹窗检测 #9: 相似度 0.9999
04:33:16 [DEBUG  ]   弹窗检测 #10: 相似度 1.0000
04:33:16 [WARNING]   ⚠️ 未检测到弹窗，跳过
04:33:16 [WARNING]   ⚠️ 连续失败 3/3
04:33:16 [INFO   ]   🔄 连续失败达上限，翻页跳过
04:33:18 [DEBUG  ] 道具匹配置信度: 0.942
04:33:18 [INFO   ] [扫描] ✅ 找到道具 (1595, 329)
04:33:18 [DEBUG  ] 点击 (1595, 329)
04:33:18 [INFO   ]   点击道具 (1595, 329)
04:33:19 [DEBUG  ]   弹窗检测 #1: 相似度 1.0000
04:33:19 [DEBUG  ]   弹窗检测 #2: 相似度 1.0000
04:33:19 [DEBUG  ]   弹窗检测 #3: 相似度 1.0000
04:33:20 [DEBUG  ]   弹窗检测 #4: 相似度 1.0000
04:33:20 [DEBUG  ]   弹窗检测 #5: 相似度 -0.0935
04:33:20 [INFO   ]   ✅ 弹窗已出现 (相似度 -0.0935)
04:33:20 [ERROR  ]   ⛔ 写入剪贴板失败
04:33:20 [WARNING]   ⚠️ 连续失败 1/3
04:33:20 [DEBUG  ] 道具匹配置信度: 1.000
04:33:20 [INFO   ] [扫描] ✅ 找到道具 (1308, 760)
04:33:20 [DEBUG  ] 点击 (1308, 760)
04:33:20 [INFO   ]   点击道具 (1308, 760)
04:33:21 [DEBUG  ]   弹窗检测 #1: 相似度 -0.0557
04:33:21 [INFO   ]   ✅ 弹窗已出现 (相似度 -0.0557)
04:33:21 [ERROR  ]   ⛔ 写入剪贴板失败
04:33:21 [WARNING]   ⚠️ 连续失败 2/3
04:33:21 [DEBUG  ] 道具匹配置信度: 0.768
04:33:21 [INFO   ] [扫描] ✅ 找到道具 (1308, 616)
04:33:21 [DEBUG  ] 点击 (1308, 616)
04:33:21 [INFO   ]   点击道具 (1308, 616)
04:33:22 [DEBUG  ]   弹窗检测 #1: 相似度 1.0000
04:33:22 [DEBUG  ]   弹窗检测 #2: 相似度 1.0000
04:33:22 [DEBUG  ]   弹窗检测 #3: 相似度 1.0000
04:33:23 [DEBUG  ]   弹窗检测 #4: 相似度 0.9999
04:33:23 [DEBUG  ]   弹窗检测 #5: 相似度 0.9999
04:33:23 [DEBUG  ]   弹窗检测 #6: 相似度 0.9999
04:33:24 [DEBUG  ]   弹窗检测 #7: 相似度 0.9999
04:33:24 [DEBUG  ]   弹窗检测 #8: 相似度 0.9999
04:33:24 [DEBUG  ]   弹窗检测 #9: 相似度 0.9999
04:33:24 [DEBUG  ]   弹窗检测 #10: 相似度 -0.0557
04:33:24 [INFO   ]   ✅ 弹窗已出现 (相似度 -0.0557)
04:33:24 [ERROR  ]   ⛔ 写入剪贴板失败
04:33:24 [WARNING]   ⚠️ 连续失败 3/3
04:33:24 [INFO   ]   🔄 连续失败达上限，翻页跳过
04:33:26 [DEBUG  ] 道具匹配置信度: 1.000
04:33:26 [INFO   ] [扫描] ✅ 找到道具 (1308, 352)
04:33:26 [DEBUG  ] 点击 (1308, 352)
04:33:26 [INFO   ]   点击道具 (1308, 352)
04:33:27 [DEBUG  ]   弹窗检测 #1: 相似度 -0.0558
04:33:27 [INFO   ]   ✅ 弹窗已出现 (相似度 -0.0558)
04:33:27 [ERROR  ]   ⛔ 写入剪贴板失败
04:33:27 [WARNING]   ⚠️ 连续失败 1/3
04:33:27 [DEBUG  ] 道具匹配置信度: 0.637
04:33:27 [INFO   ] [扫描] 未找到道具，翻页...
04:33:28 [INFO   ] [翻页] 前后相似度: 0.9855
04:33:28 [INFO   ] [翻页] 疑似到底...
04:33:28 [INFO   ] [验证] 二次到底验证...
04:33:29 [DEBUG  ] 黑框匹配置信度: 0.129
04:33:29 [INFO   ] [验证] ❌ 非真到底
04:33:30 [DEBUG  ] 道具匹配置信度: 0.633
04:33:30 [INFO   ] [扫描] 未找到道具，翻页...
04:33:31 [INFO   ] [翻页] 前后相似度: 0.9835
04:33:31 [INFO   ] [翻页] 疑似到底...
04:33:31 [INFO   ] [验证] 二次到底验证...
04:33:32 [DEBUG  ] 黑框匹配置信度: 0.129
04:33:32 [INFO   ] [验证] ❌ 非真到底
04:33:33 [DEBUG  ] 道具匹配置信度: 0.628
04:33:33 [INFO   ] [扫描] 未找到道具，翻页...
04:33:34 [INFO   ] [翻页] 前后相似度: 0.9791
04:33:34 [INFO   ] [翻页] 翻页成功
04:33:34 [DEBUG  ] 道具匹配置信度: 0.632
04:33:34 [INFO   ] [扫描] 未找到道具，翻页...
04:33:36 [INFO   ] [翻页] 前后相似度: 0.9814
04:33:36 [INFO   ] [翻页] 疑似到底...
04:33:36 [INFO   ] [验证] 二次到底验证...
04:33:37 [DEBUG  ] 黑框匹配置信度: 0.147
04:33:37 [INFO   ] [验证] ❌ 非真到底
04:33:37 [DEBUG  ] 道具匹配置信度: 0.631
04:33:37 [INFO   ] [扫描] 未找到道具，翻页...
04:33:39 [INFO   ] [翻页] 前后相似度: 0.2946
04:33:39 [INFO   ] [翻页] 翻页成功
04:33:39 [DEBUG  ] 道具匹配置信度: 1.000
04:33:39 [INFO   ] [扫描] ✅ 找到道具 (1308, 830)
04:33:39 [DEBUG  ] 点击 (1308, 830)
04:33:39 [INFO   ]   点击道具 (1308, 830)
04:33:40 [DEBUG  ]   弹窗检测 #1: 相似度 -0.0558
04:33:40 [INFO   ]   ✅ 弹窗已出现 (相似度 -0.0558)
04:33:40 [ERROR  ]   ⛔ 写入剪贴板失败
04:33:40 [WARNING]   ⚠️ 连续失败 1/3
04:33:40 [DEBUG  ] 道具匹配置信度: 0.600
04:33:40 [INFO   ] [扫描] 未找到道具，翻页...
04:33:41 [INFO   ] [翻页] 前后相似度: 0.3437
04:33:41 [INFO   ] [翻页] 翻页成功
04:33:41 [DEBUG  ] 道具匹配置信度: 1.000
04:33:41 [INFO   ] [扫描] ✅ 找到道具 (1308, 680)
04:33:41 [DEBUG  ] 点击 (1308, 680)
04:33:41 [INFO   ]   点击道具 (1308, 680)
04:33:42 [DEBUG  ]   弹窗检测 #1: 相似度 -0.0555
04:33:42 [INFO   ]   ✅ 弹窗已出现 (相似度 -0.0555)
04:33:42 [ERROR  ]   ⛔ 写入剪贴板失败
04:33:42 [WARNING]   ⚠️ 连续失败 1/3
04:33:42 [DEBUG  ] 道具匹配置信度: 0.792
04:33:42 [INFO   ] [扫描] ✅ 找到道具 (1595, 680)
04:33:42 [DEBUG  ] 点击 (1595, 680)
04:33:42 [INFO   ]   点击道具 (1595, 680)
04:33:43 [DEBUG  ]   弹窗检测 #1: 相似度 1.0000
04:33:43 [DEBUG  ]   弹窗检测 #2: 相似度 0.9999
04:33:43 [DEBUG  ]   弹窗检测 #3: 相似度 0.9999
04:33:44 [DEBUG  ]   弹窗检测 #4: 相似度 0.9999
04:33:44 [DEBUG  ]   弹窗检测 #5: 相似度 0.9999
04:33:44 [DEBUG  ]   弹窗检测 #6: 相似度 -0.1179
04:33:44 [INFO   ]   ✅ 弹窗已出现 (相似度 -0.1179)
04:33:44 [ERROR  ]   ⛔ 写入剪贴板失败
04:33:44 [WARNING]   ⚠️ 连续失败 2/3
04:33:44 [DEBUG  ] 道具匹配置信度: 0.792
04:33:44 [INFO   ] [扫描] ✅ 找到道具 (1595, 680)
04:33:45 [DEBUG  ] 点击 (1595, 680)
04:33:45 [INFO   ]   点击道具 (1595, 680)
04:33:45 [DEBUG  ]   弹窗检测 #1: 相似度 0.9181
04:33:46 [DEBUG  ]   弹窗检测 #2: 相似度 0.9181
