03:39:03 [INFO   ] ==================================================
03:39:03 [INFO   ] 📦 上架脚本启动（合并版）
03:39:03 [INFO   ] 📄 日志: E:\桌面\GAMECL~1\上架\logs\run_20260325_033903.log
03:39:03 [INFO   ] ✅ 分辨率校验通过: 1920×1080
03:39:03 [INFO   ] 📁 模板目录: E:\桌面\GAMECL~1\上架\logo\shangjia
03:39:03 [INFO   ]    找到 14 个 png: ['0.png', '1.png', '10.png', '2.png', '3.png', '4.png', '5.png', '6.png', '7.png', '8.png', '9.png', 'heikuang.png', 'pojiaoshi.png', 'slash.png']
03:39:03 [INFO   ]    ✅ '0' ← 0.png  (原始 10×19 → 标准 20×28)
03:39:03 [INFO   ]    ✅ '1' ← 1.png  (原始 11×19 → 标准 20×28)
03:39:03 [INFO   ]    ✅ '2' ← 2.png  (原始 12×20 → 标准 20×28)
03:39:03 [INFO   ]    ✅ '3' ← 3.png  (原始 12×20 → 标准 20×28)
03:39:03 [INFO   ]    ✅ '4' ← 4.png  (原始 13×20 → 标准 20×28)
03:39:03 [INFO   ]    ✅ '5' ← 5.png  (原始 11×20 → 标准 20×28)
03:39:03 [INFO   ]    ✅ '6' ← 6.png  (原始 12×21 → 标准 20×28)
03:39:03 [INFO   ]    ✅ '7' ← 7.png  (原始 13×20 → 标准 20×28)
03:39:03 [INFO   ]    ✅ '8' ← 8.png  (原始 11×20 → 标准 20×28)
03:39:03 [INFO   ]    ✅ '9' ← 9.png  (原始 12×21 → 标准 20×28)
03:39:03 [INFO   ]    ✅ '/' ← slash.png  (原始 12×21 → 标准 20×28)
03:39:03 [INFO   ] 
   已加载 11 个: ['/', '0', '1', '2', '3', '4', '5', '6', '7', '8', '9']
03:39:03 [INFO   ]    ✅ 0-9 和 / 全部就绪！
03:39:03 [INFO   ] 🔢 容量识别: 模板匹配

03:39:03 [INFO   ] 🔧 初始化 OCR...
03:39:04 [INFO   ] 🔧 初始化 DXCam (30 fps)...
03:39:04 [INFO   ] ✅ 截屏: 1920×1080
03:39:04 [INFO   ] 
✅ 就绪！按 F12 开始，ESC 退出

03:39:08 [INFO   ] 
==================================================
03:39:08 [INFO   ] ⏳ 2 秒后开始，请切回游戏...
03:39:10 [INFO   ] ✅ 游戏窗口句柄: 89008
03:39:10 [DEBUG  ] 交易行置信度: 1.000
03:39:10 [INFO   ] 🚀 确认在交易行，开始跳转...

03:39:10 [INFO   ] 
👉 [一级] 功能键 → 等'上架数量'  (第 1/3 次)
03:39:10 [DEBUG  ] 点击 (1850, 990)
03:39:10 [INFO   ]    ⏳ 等待 ['上架', '数量'] (超时 5.0s)...
03:39:10 [DEBUG  ] OCR: '上架数量：'
03:39:10 [INFO   ]    ✅ 识别到 '上架'  耗时 0.38s
03:39:11 [INFO   ] 
👉 [二级] 入口 → 等'角石'  (第 1/3 次)
03:39:11 [DEBUG  ] 点击 (1855, 269)
03:39:11 [INFO   ]    ⏳ 等待 ['角石'] (超时 5.0s)...
03:39:12 [DEBUG  ] OCR: '角石'
03:39:12 [INFO   ]    ✅ 识别到 '角石'  耗时 0.31s
03:39:12 [INFO   ] 
👉 [三级] 点击角石 (1730, 370)
03:39:12 [DEBUG  ] 点击 (1730, 370)
03:39:13 [INFO   ] 👉 [读取] 上架额度...
03:39:13 [DEBUG  ]   字符[0]: '6' (0.685)
03:39:13 [DEBUG  ]   字符[1]: '/' (0.851)
03:39:13 [DEBUG  ]   字符[2]: '1' (0.729)
03:39:13 [DEBUG  ]   字符[3]: '0' (0.732)
03:39:13 [INFO   ] 📐 模板识别: '6/10'  最低置信度: 0.685
03:39:13 [INFO   ] 
📊 额度: 6/10，剩余 4
03:39:13 [INFO   ] ✅ 开始上架（最多 4 个）...

03:39:13 [DEBUG  ] 道具匹配置信度: 0.974
03:39:13 [INFO   ] [扫描] ✅ 找到道具 (1451, 329)
03:39:13 [DEBUG  ] 点击 (1451, 329)
03:39:13 [INFO   ]   点击道具 (1451, 329)
03:39:14 [DEBUG  ]   弹窗检测 #1: 相似度 -0.0490
03:39:14 [INFO   ]   ✅ 弹窗已出现 (相似度 -0.0490)
03:39:14 [DEBUG  ] 点击 (1276, 737)
03:39:15 [INFO   ]   输入价格: 3250000
03:39:15 [DEBUG  ] 点击 (1466, 800)
03:39:15 [INFO   ]   ✅ 点击确定
03:39:16 [INFO   ]   📦 累计上架: 1/4
03:39:16 [DEBUG  ] 道具匹配置信度: 0.980
03:39:16 [INFO   ] [扫描] ✅ 找到道具 (1308, 616)
03:39:17 [DEBUG  ] 点击 (1308, 616)
03:39:17 [INFO   ]   点击道具 (1308, 616)
03:39:17 [DEBUG  ]   弹窗检测 #1: 相似度 -0.0487
03:39:17 [INFO   ]   ✅ 弹窗已出现 (相似度 -0.0487)
03:39:17 [DEBUG  ] 点击 (1276, 737)
03:39:18 [INFO   ]   输入价格: 3250000
03:39:19 [DEBUG  ] 点击 (1466, 800)
03:39:19 [INFO   ]   ✅ 点击确定
03:39:19 [INFO   ]   📦 累计上架: 2/4
03:39:20 [DEBUG  ] 道具匹配置信度: 0.974
03:39:20 [INFO   ] [扫描] ✅ 找到道具 (1595, 760)
03:39:20 [DEBUG  ] 点击 (1595, 760)
03:39:20 [INFO   ]   点击道具 (1595, 760)
03:39:20 [DEBUG  ]   弹窗检测 #1: 相似度 -0.0492
03:39:20 [INFO   ]   ✅ 弹窗已出现 (相似度 -0.0492)
03:39:21 [DEBUG  ] 点击 (1276, 737)
03:39:22 [INFO   ]   输入价格: 3250000
03:39:22 [DEBUG  ] 点击 (1466, 800)
03:39:22 [INFO   ]   ✅ 点击确定
03:39:23 [INFO   ]   📦 累计上架: 3/4
03:39:23 [DEBUG  ] 道具匹配置信度: 0.974
03:39:23 [INFO   ] [扫描] ✅ 找到道具 (1595, 760)
03:39:23 [DEBUG  ] 点击 (1595, 760)
03:39:23 [INFO   ]   点击道具 (1595, 760)
03:39:24 [DEBUG  ]   弹窗检测 #1: 相似度 -0.0492
03:39:24 [INFO   ]   ✅ 弹窗已出现 (相似度 -0.0492)
03:39:24 [DEBUG  ] 点击 (1276, 737)
03:39:25 [INFO   ]   输入价格: 3250000
03:39:25 [DEBUG  ] 点击 (1466, 800)
03:39:25 [INFO   ]   ✅ 点击确定
03:39:26 [INFO   ]   📦 累计上架: 4/4
03:39:26 [INFO   ] 
==================================================
03:39:26 [INFO   ] 🏁 完成！本次上架 4 个
03:39:26 [INFO   ] ==================================================
03:39:26 [INFO   ] 📄 日志: E:\桌面\GAMECL~1\上架\logs\run_20260325_033903.log
03:39:26 [INFO   ] 👉 F12 再次执行，ESC 退出

03:40:52 [INFO   ] 
==================================================
03:40:52 [INFO   ] ⏳ 2 秒后开始，请切回游戏...
03:40:54 [INFO   ] ✅ 游戏窗口句柄: 89008
03:40:54 [DEBUG  ] 交易行置信度: 1.000
03:40:54 [INFO   ] 🚀 确认在交易行，开始跳转...

03:40:54 [INFO   ] 
👉 [一级] 功能键 → 等'上架数量'  (第 1/3 次)
03:40:55 [DEBUG  ] 点击 (1850, 990)
03:40:55 [INFO   ]    ⏳ 等待 ['上架', '数量'] (超时 5.0s)...
03:40:55 [DEBUG  ] OCR: '上架数量：'
03:40:55 [INFO   ]    ✅ 识别到 '上架'  耗时 0.18s
03:40:55 [INFO   ] 
👉 [二级] 入口 → 等'角石'  (第 1/3 次)
03:40:56 [DEBUG  ] 点击 (1855, 269)
03:40:56 [INFO   ]    ⏳ 等待 ['角石'] (超时 5.0s)...
03:40:56 [DEBUG  ] OCR: '角石'
03:40:56 [INFO   ]    ✅ 识别到 '角石'  耗时 0.09s
03:40:56 [INFO   ] 
👉 [三级] 点击角石 (1730, 370)
03:40:57 [DEBUG  ] 点击 (1730, 370)
03:40:57 [INFO   ] 👉 [读取] 上架额度...
03:40:57 [DEBUG  ]   字符[0]: '0' (0.709)
03:40:57 [DEBUG  ]   字符[1]: '/' (0.825)
03:40:57 [DEBUG  ]   字符[2]: '1' (0.734)
03:40:57 [DEBUG  ]   字符[3]: '0' (0.732)
03:40:57 [INFO   ] 📐 模板识别: '0/10'  最低置信度: 0.709
03:40:57 [INFO   ] 
📊 额度: 0/10，剩余 10
03:40:57 [INFO   ] ✅ 开始上架（最多 10 个）...

03:40:57 [DEBUG  ] 道具匹配置信度: 1.000
03:40:57 [INFO   ] [扫描] ✅ 找到道具 (1308, 329)
03:40:57 [DEBUG  ] 点击 (1308, 329)
03:40:57 [INFO   ]   点击道具 (1308, 329)
03:40:58 [DEBUG  ]   弹窗检测 #1: 相似度 0.1077
03:40:58 [INFO   ]   ✅ 弹窗已出现 (相似度 0.1077)
03:40:58 [DEBUG  ] 点击 (1276, 737)
03:40:59 [INFO   ]   输入价格: 3250000
03:41:00 [DEBUG  ] 点击 (1466, 800)
03:41:00 [INFO   ]   ✅ 点击确定
03:41:00 [INFO   ]   📦 累计上架: 1/10
03:41:00 [DEBUG  ] 道具匹配置信度: 1.000
03:41:00 [INFO   ] [扫描] ✅ 找到道具 (1308, 760)
03:41:01 [DEBUG  ] 点击 (1308, 760)
03:41:01 [INFO   ]   点击道具 (1308, 760)
03:41:01 [DEBUG  ]   弹窗检测 #1: 相似度 -0.0683
03:41:01 [INFO   ]   ✅ 弹窗已出现 (相似度 -0.0683)
03:41:02 [DEBUG  ] 点击 (1276, 737)
03:41:02 [INFO   ]   输入价格: 3250000
03:41:03 [DEBUG  ] 点击 (1466, 800)
03:41:03 [INFO   ]   ✅ 点击确定
03:41:04 [INFO   ]   📦 累计上架: 2/10
03:41:04 [DEBUG  ] 道具匹配置信度: 0.980
03:41:04 [INFO   ] [扫描] ✅ 找到道具 (1308, 616)
03:41:04 [DEBUG  ] 点击 (1308, 616)
03:41:04 [INFO   ]   点击道具 (1308, 616)
03:41:04 [DEBUG  ]   弹窗检测 #1: 相似度 -0.0491
03:41:04 [INFO   ]   ✅ 弹窗已出现 (相似度 -0.0491)
03:41:05 [DEBUG  ] 点击 (1276, 737)
03:41:06 [INFO   ]   输入价格: 3250000
03:41:06 [DEBUG  ] 点击 (1466, 800)
03:41:06 [INFO   ]   ✅ 点击确定
03:41:07 [INFO   ]   📦 累计上架: 3/10
03:41:07 [DEBUG  ] 道具匹配置信度: 0.974
03:41:07 [INFO   ] [扫描] ✅ 找到道具 (1451, 329)
03:41:07 [DEBUG  ] 点击 (1451, 329)
03:41:07 [INFO   ]   点击道具 (1451, 329)
03:41:08 [DEBUG  ]   弹窗检测 #1: 相似度 -0.0488
03:41:08 [INFO   ]   ✅ 弹窗已出现 (相似度 -0.0488)
03:41:08 [DEBUG  ] 点击 (1276, 737)
03:41:09 [INFO   ]   输入价格: 3250000
03:41:09 [DEBUG  ] 点击 (1466, 800)
03:41:09 [INFO   ]   ✅ 点击确定
03:41:10 [INFO   ]   📦 累计上架: 4/10
03:41:10 [DEBUG  ] 道具匹配置信度: 0.980
03:41:10 [INFO   ] [扫描] ✅ 找到道具 (1308, 616)
03:41:11 [DEBUG  ] 点击 (1308, 616)
03:41:11 [INFO   ]   点击道具 (1308, 616)
03:41:11 [DEBUG  ]   弹窗检测 #1: 相似度 -0.0490
03:41:11 [INFO   ]   ✅ 弹窗已出现 (相似度 -0.0490)
03:41:11 [DEBUG  ] 点击 (1276, 737)
03:41:12 [INFO   ]   输入价格: 3250000
03:41:13 [DEBUG  ] 点击 (1466, 800)
03:41:13 [INFO   ]   ✅ 点击确定
03:41:13 [INFO   ]   📦 累计上架: 5/10
03:41:13 [DEBUG  ] 道具匹配置信度: 0.974
03:41:13 [INFO   ] [扫描] ✅ 找到道具 (1451, 760)
03:41:14 [DEBUG  ] 点击 (1451, 760)
03:41:14 [INFO   ]   点击道具 (1451, 760)
03:41:14 [DEBUG  ]   弹窗检测 #1: 相似度 -0.0491
03:41:14 [INFO   ]   ✅ 弹窗已出现 (相似度 -0.0491)
03:41:15 [DEBUG  ] 点击 (1276, 737)
03:41:16 [INFO   ]   输入价格: 3250000
03:41:16 [DEBUG  ] 点击 (1466, 800)
03:41:16 [INFO   ]   ✅ 点击确定
03:41:17 [INFO   ]   📦 累计上架: 6/10
03:41:17 [DEBUG  ] 道具匹配置信度: 0.974
03:41:17 [INFO   ] [扫描] ✅ 找到道具 (1595, 760)
03:41:17 [DEBUG  ] 点击 (1595, 760)
03:41:17 [INFO   ]   点击道具 (1595, 760)
03:41:18 [DEBUG  ]   弹窗检测 #1: 相似度 -0.0493
03:41:18 [INFO   ]   ✅ 弹窗已出现 (相似度 -0.0493)
03:41:18 [DEBUG  ] 点击 (1276, 737)
03:41:19 [INFO   ]   输入价格: 3250000
03:41:19 [DEBUG  ] 点击 (1466, 800)
03:41:19 [INFO   ]   ✅ 点击确定
03:41:20 [INFO   ]   📦 累计上架: 7/10
03:41:20 [DEBUG  ] 道具匹配置信度: 0.974
03:41:20 [INFO   ] [扫描] ✅ 找到道具 (1595, 760)
03:41:20 [DEBUG  ] 点击 (1595, 760)
03:41:20 [INFO   ]   点击道具 (1595, 760)
03:41:21 [DEBUG  ]   弹窗检测 #1: 相似度 -0.0475
03:41:21 [INFO   ]   ✅ 弹窗已出现 (相似度 -0.0475)
03:41:21 [DEBUG  ] 点击 (1276, 737)
03:41:22 [INFO   ]   输入价格: 3250000
03:41:22 [DEBUG  ] 点击 (1466, 800)
03:41:22 [INFO   ]   ✅ 点击确定
03:41:23 [INFO   ]   📦 累计上架: 8/10
03:41:23 [DEBUG  ] 道具匹配置信度: 0.974
03:41:23 [INFO   ] [扫描] ✅ 找到道具 (1595, 760)
03:41:24 [DEBUG  ] 点击 (1595, 760)
03:41:24 [INFO   ]   点击道具 (1595, 760)
03:41:24 [DEBUG  ]   弹窗检测 #1: 相似度 -0.0490
03:41:24 [INFO   ]   ✅ 弹窗已出现 (相似度 -0.0490)
03:41:24 [DEBUG  ] 点击 (1276, 737)
03:41:25 [INFO   ]   输入价格: 3250000
03:41:26 [DEBUG  ] 点击 (1466, 800)
03:41:26 [INFO   ]   ✅ 点击确定
03:41:27 [INFO   ]   📦 累计上架: 9/10
03:41:27 [DEBUG  ] 道具匹配置信度: 0.629
03:41:27 [INFO   ] [扫描] 未找到道具，翻页...
03:41:28 [INFO   ] [翻页] 前后相似度: 0.7117
03:41:28 [INFO   ] [翻页] 翻页成功
03:41:28 [DEBUG  ] 道具匹配置信度: 1.000
03:41:28 [INFO   ] [扫描] ✅ 找到道具 (1308, 249)
03:41:28 [DEBUG  ] 点击 (1308, 249)
03:41:28 [INFO   ]   点击道具 (1308, 249)
03:41:29 [DEBUG  ]   弹窗检测 #1: 相似度 -0.0492
03:41:29 [INFO   ]   ✅ 弹窗已出现 (相似度 -0.0492)
03:41:29 [DEBUG  ] 点击 (1276, 737)
03:41:30 [INFO   ]   输入价格: 3250000
03:41:31 [DEBUG  ] 点击 (1466, 800)
03:41:31 [INFO   ]   ✅ 点击确定
03:41:31 [INFO   ]   📦 累计上架: 10/10
03:41:31 [INFO   ] 
==================================================
03:41:31 [INFO   ] 🏁 完成！本次上架 10 个
03:41:31 [INFO   ] ==================================================
03:41:31 [INFO   ] 📄 日志: E:\桌面\GAMECL~1\上架\logs\run_20260325_033903.log
03:41:31 [INFO   ] 👉 F12 再次执行，ESC 退出

03:49:06 [INFO   ] 👋 正常退出
